#
# There is insufficient memory for the Java Runtime Environment to continue.
# Native memory allocation (malloc) failed to allocate 2617488 bytes. Error detail: Chunk::new
# Possible reasons:
#   The system is out of physical RAM or swap space
#   This process is running with CompressedOops enabled, and the Java Heap may be blocking the growth of the native heap
# Possible solutions:
#   Reduce memory load on the system
#   Increase physical memory or swap space
#   Check if swap backing store is full
#   Decrease Java heap size (-Xmx/-Xms)
#   Decrease number of Java threads
#   Decrease Java thread stack sizes (-Xss)
#   Set larger code cache with -XX:ReservedCodeCacheSize=
#   JVM is running with Unscaled Compressed Oops mode in which the Java heap is
#     placed in the first 4GB address space. The Java Heap base address is the
#     maximum limit for the native heap growth. Please use -XX:HeapBaseMinAddress
#     to set the Java Heap base and to place the Java Heap above 4GB virtual address.
# This output file may be truncated or incomplete.
#
#  Out of Memory Error (arena.cpp:162), pid=17224, tid=4824
#
# JRE version: Java(TM) SE Runtime Environment (24.0.2+12) (build 24.0.2+12-54)
# Java VM: Java HotSpot(TM) 64-Bit Server VM (24.0.2+12-54, mixed mode, sharing, tiered, compressed oops, compressed class ptrs, g1 gc, windows-amd64)
# No core dump will be written. Minidumps are not enabled by default on client versions of Windows
#

---------------  S U M M A R Y ------------

Command Line: --enable-native-access=ALL-UNNAMED -Dclassworlds.conf=C:\Users\Mc-kevin\.m2\wrapper\dists\apache-maven-3.9.12\59fe215c0ad6947fea90184bf7add084544567b927287592651fda3782e0e798\bin\m2.conf -Dmaven.home=C:\Users\Mc-kevin\.m2\wrapper\dists\apache-maven-3.9.12\59fe215c0ad6947fea90184bf7add084544567b927287592651fda3782e0e798 -Dlibrary.jansi.path=C:\Users\Mc-kevin\.m2\wrapper\dists\apache-maven-3.9.12\59fe215c0ad6947fea90184bf7add084544567b927287592651fda3782e0e798\lib\jansi-native -Dmaven.multiModuleProjectDirectory=C:\Users\Mc-kevin\Desktop\BC03_EC01\TaskManager org.codehaus.plexus.classworlds.launcher.Launcher spotless:apply

Host: AMD Ryzen 3 3250U with Radeon Graphics         , 4 cores, 5G,  Windows 11 , 64 bit Build 22621 (10.0.22621.3958)
Time: Sat Mar  7 19:28:12 2026 Pacific Standard Time elapsed time: 37.772123 seconds (0d 0h 0m 37s)

---------------  T H R E A D  ---------------

Current thread (0x000001d5fed347e0):  JavaThread "C2 CompilerThread0" daemon [_thread_in_native, id=4824, stack(0x0000006f3ff00000,0x0000006f40000000) (1024K)]


Current CompileTask:
C2:37772 5692       4       jdk.internal.math.FloatingDecimal$BinaryToASCIIBuffer::dtoa (1509 bytes)

Stack: [0x0000006f3ff00000,0x0000006f40000000]
Native frames: (J=compiled Java code, j=interpreted, Vv=VM code, C=native code)
V  [jvm.dll+0x730829]  (no source info available)
V  [jvm.dll+0x8d9da3]  (no source info available)
V  [jvm.dll+0x8dc28d]  (no source info available)
V  [jvm.dll+0x8dc903]  (no source info available)
V  [jvm.dll+0x2a9f56]  (no source info available)
V  [jvm.dll+0xced7f]  (no source info available)
V  [jvm.dll+0xcefdf]  (no source info available)
V  [jvm.dll+0x154c83]  (no source info available)
V  [jvm.dll+0x73604f]  (no source info available)
V  [jvm.dll+0x26f8dc]  (no source info available)
V  [jvm.dll+0x26e8ff]  (no source info available)
V  [jvm.dll+0x1e9c90]  (no source info available)
V  [jvm.dll+0x27e0cb]  (no source info available)
V  [jvm.dll+0x27c36a]  (no source info available)
V  [jvm.dll+0x42f396]  (no source info available)
V  [jvm.dll+0x87d9eb]  (no source info available)
V  [jvm.dll+0x72ef45]  (no source info available)
C  [ucrtbase.dll+0x29333]  (no source info available)
C  [KERNEL32.DLL+0x1257d]  (no source info available)
C  [ntdll.dll+0x5af08]  (no source info available)

Lock stack of current Java thread (top to bottom):


---------------  P R O C E S S  ---------------

Threads class SMR info:
_java_thread_list=0x000001d5d612e5c0, length=17, elements={
0x000001d5f2065200, 0x000001d5fed1fe00, 0x000001d5fed240c0, 0x000001d5fed25870,
0x000001d5fed267b0, 0x000001d5fed27850, 0x000001d5fed28380, 0x000001d5fed347e0,
0x000001d5fed3c480, 0x000001d5d60a6da0, 0x000001d5d60abd10, 0x000001d5d7013200,
0x000001d5d738e250, 0x000001d5d738e9a0, 0x000001d5d73abe30, 0x000001d5d73aaf90,
0x000001d5d73a7510
}

Java Threads: ( => current thread )
  0x000001d5f2065200 JavaThread "main"                              [_thread_blocked, id=18560, stack(0x0000006f3f100000,0x0000006f3f200000) (1024K)]
  0x000001d5fed1fe00 JavaThread "Reference Handler"          daemon [_thread_blocked, id=17796, stack(0x0000006f3f900000,0x0000006f3fa00000) (1024K)]
  0x000001d5fed240c0 JavaThread "Finalizer"                  daemon [_thread_blocked, id=19752, stack(0x0000006f3fa00000,0x0000006f3fb00000) (1024K)]
  0x000001d5fed25870 JavaThread "Signal Dispatcher"          daemon [_thread_blocked, id=20160, stack(0x0000006f3fb00000,0x0000006f3fc00000) (1024K)]
  0x000001d5fed267b0 JavaThread "Attach Listener"            daemon [_thread_blocked, id=2208, stack(0x0000006f3fc00000,0x0000006f3fd00000) (1024K)]
  0x000001d5fed27850 JavaThread "Service Thread"             daemon [_thread_blocked, id=11688, stack(0x0000006f3fd00000,0x0000006f3fe00000) (1024K)]
  0x000001d5fed28380 JavaThread "Monitor Deflation Thread"   daemon [_thread_blocked, id=20728, stack(0x0000006f3fe00000,0x0000006f3ff00000) (1024K)]
=>0x000001d5fed347e0 JavaThread "C2 CompilerThread0"         daemon [_thread_in_native, id=4824, stack(0x0000006f3ff00000,0x0000006f40000000) (1024K)]
  0x000001d5fed3c480 JavaThread "C1 CompilerThread0"         daemon [_thread_blocked, id=25872, stack(0x0000006f40000000,0x0000006f40100000) (1024K)]
  0x000001d5d60a6da0 JavaThread "Notification Thread"        daemon [_thread_blocked, id=19812, stack(0x0000006f40100000,0x0000006f40200000) (1024K)]
  0x000001d5d60abd10 JavaThread "Common-Cleaner"             daemon [_thread_blocked, id=7180, stack(0x0000006f40200000,0x0000006f40300000) (1024K)]
  0x000001d5d7013200 JavaThread "Thread-1"                   daemon [_thread_blocked, id=18040, stack(0x0000006f40600000,0x0000006f40700000) (1024K)]
  0x000001d5d738e250 JavaThread "BasicRepositoryConnector-repo.maven.apache.org-1-0" daemon [_thread_in_native, id=8196, stack(0x0000006f40700000,0x0000006f40800000) (1024K)]
  0x000001d5d738e9a0 JavaThread "BasicRepositoryConnector-repo.maven.apache.org-1-1" daemon [_thread_in_native, id=25400, stack(0x0000006f40800000,0x0000006f40900000) (1024K)]
  0x000001d5d73abe30 JavaThread "BasicRepositoryConnector-repo.maven.apache.org-1-2" daemon [_thread_in_native, id=25844, stack(0x0000006f40900000,0x0000006f40a00000) (1024K)]
  0x000001d5d73aaf90 JavaThread "BasicRepositoryConnector-repo.maven.apache.org-1-3" daemon [_thread_in_native, id=4072, stack(0x0000006f40a00000,0x0000006f40b00000) (1024K)]
  0x000001d5d73a7510 JavaThread "BasicRepositoryConnector-repo.maven.apache.org-1-4" daemon [_thread_in_native, id=15952, stack(0x0000006f40c00000,0x0000006f40d00000) (1024K)]
Total: 17

Other Threads:
  0x000001d5fed0d210 VMThread "VM Thread"                           [id=24612, stack(0x0000006f3f800000,0x0000006f3f900000) (1024K)]
  0x000001d5fed00120 WatcherThread "VM Periodic Task Thread"        [id=16168, stack(0x0000006f3f700000,0x0000006f3f800000) (1024K)]
  0x000001d5f42a7720 WorkerThread "GC Thread#0"                     [id=18640, stack(0x0000006f3f200000,0x0000006f3f300000) (1024K)]
  0x000001d5d6ca5550 WorkerThread "GC Thread#1"                     [id=16572, stack(0x0000006f40300000,0x0000006f40400000) (1024K)]
  0x000001d5d6cb31f0 WorkerThread "GC Thread#2"                     [id=9780, stack(0x0000006f40400000,0x0000006f40500000) (1024K)]
  0x000001d5d6cb35a0 WorkerThread "GC Thread#3"                     [id=17456, stack(0x0000006f40500000,0x0000006f40600000) (1024K)]
  0x000001d5f42b9a70 ConcurrentGCThread "G1 Main Marker"            [id=19096, stack(0x0000006f3f300000,0x0000006f3f400000) (1024K)]
  0x000001d5f42ba580 WorkerThread "G1 Conc#0"                       [id=18576, stack(0x0000006f3f400000,0x0000006f3f500000) (1024K)]
  0x000001d5febd24a0 ConcurrentGCThread "G1 Refine#0"               [id=18188, stack(0x0000006f3f500000,0x0000006f3f600000) (1024K)]
  0x000001d5febd2e30 ConcurrentGCThread "G1 Service"                [id=16956, stack(0x0000006f3f600000,0x0000006f3f700000) (1024K)]
Total: 10

Threads with active compile tasks:
C2 CompilerThread0  37937 5692       4       jdk.internal.math.FloatingDecimal$BinaryToASCIIBuffer::dtoa (1509 bytes)
Total: 1

VM state: not at safepoint (normal execution)

VM Mutex/Monitor currently owned by a thread: None

Heap address: 0x00000000a1e00000, size: 1506 MB, Compressed Oops mode: 32-bit

CDS archive(s) mapped at: [0x000001d591000000-0x000001d591d40000-0x000001d591d40000), size 13893632, SharedBaseAddress: 0x000001d591000000, ArchiveRelocationMode: 1.
Compressed class space mapped at: 0x000001d592000000-0x000001d5d2000000, reserved size: 1073741824
UseCompressedClassPointers 1, UseCompactObjectHeaders 0
Narrow klass pointer bits 32, Max shift 3
Narrow klass base: 0x000001d591000000, Narrow klass shift: 0
Encoding Range: [0x000001d591000000 - 0x000001d691000000), (4294967296 bytes)
Klass Range:    [0x000001d591000000 - 0x000001d5d2000000), (1090519040 bytes)
Klass ID Range:  [8 - 1090519033) (1090519025)

GC Precious Log:
 CardTable entry size: 512
 Card Set container configuration: InlinePtr #cards 5 size 8 Array Of Cards #cards 10 size 36 Howl #buckets 4 coarsen threshold 1843 Howl Bitmap #cards 512 size 80 coarsen threshold 460 Card regions per heap region 1 cards per card region 2048
 CPUs: 4 total, 4 available
 Memory: 6023M
 Large Page Support: Disabled
 NUMA Support: Disabled
 Compressed Oops: Enabled (32-bit)
 Heap Region Size: 1M
 Heap Min Capacity: 8M
 Heap Initial Capacity: 96M
 Heap Max Capacity: 1506M
 Pre-touch: Disabled
 Parallel Workers: 4
 Concurrent Workers: 1
 Concurrent Refinement Workers: 4
 Periodic GC: Disabled

Heap:
 garbage-first heap   total reserved 1542144K, committed 61440K, used 30309K [0x00000000a1e00000, 0x0000000100000000)
  region size 1024K, 16 young (16384K), 2 survivors (2048K)
 Metaspace       used 24365K, committed 24576K, reserved 1114112K
  class space    used 2381K, committed 2496K, reserved 1048576K

Heap Regions: E=young(eden), S=young(survivor), O=old, HS=humongous(starts), HC=humongous(continues), CS=collection set, F=free, TAMS=top-at-mark-start, PB=parsable bottom
|   0|0x00000000a1e00000, 0x00000000a1f00000, 0x00000000a1f00000|100%| O|  |TAMS 0x00000000a1e00000| PB 0x00000000a1e00000| Untracked |  0
|   1|0x00000000a1f00000, 0x00000000a2000000, 0x00000000a2000000|100%| O|  |TAMS 0x00000000a1f00000| PB 0x00000000a1f00000| Untracked |  0
|   2|0x00000000a2000000, 0x00000000a2100000, 0x00000000a2100000|100%| O|  |TAMS 0x00000000a2000000| PB 0x00000000a2000000| Untracked |  0
|   3|0x00000000a2100000, 0x00000000a2200000, 0x00000000a2200000|100%| O|  |TAMS 0x00000000a2100000| PB 0x00000000a2100000| Untracked |  0
|   4|0x00000000a2200000, 0x00000000a2300000, 0x00000000a2300000|100%| O|  |TAMS 0x00000000a2200000| PB 0x00000000a2200000| Untracked |  0
|   5|0x00000000a2300000, 0x00000000a2400000, 0x00000000a2400000|100%| O|  |TAMS 0x00000000a2300000| PB 0x00000000a2300000| Untracked |  0
|   6|0x00000000a2400000, 0x00000000a2400000, 0x00000000a2500000|  0%| F|  |TAMS 0x00000000a2400000| PB 0x00000000a2400000| Untracked |  0
|   7|0x00000000a2500000, 0x00000000a2500000, 0x00000000a2600000|  0%| F|  |TAMS 0x00000000a2500000| PB 0x00000000a2500000| Untracked |  0
|   8|0x00000000a2600000, 0x00000000a2600000, 0x00000000a2700000|  0%| F|  |TAMS 0x00000000a2600000| PB 0x00000000a2600000| Untracked |  0
|   9|0x00000000a2700000, 0x00000000a2700000, 0x00000000a2800000|  0%| F|  |TAMS 0x00000000a2700000| PB 0x00000000a2700000| Untracked |  0
|  10|0x00000000a2800000, 0x00000000a2800000, 0x00000000a2900000|  0%| F|  |TAMS 0x00000000a2800000| PB 0x00000000a2800000| Untracked |  0
|  11|0x00000000a2900000, 0x00000000a2900000, 0x00000000a2a00000|  0%| F|  |TAMS 0x00000000a2900000| PB 0x00000000a2900000| Untracked |  0
|  12|0x00000000a2a00000, 0x00000000a2a00000, 0x00000000a2b00000|  0%| F|  |TAMS 0x00000000a2a00000| PB 0x00000000a2a00000| Untracked |  0
|  13|0x00000000a2b00000, 0x00000000a2b00000, 0x00000000a2c00000|  0%| F|  |TAMS 0x00000000a2b00000| PB 0x00000000a2b00000| Untracked |  0
|  14|0x00000000a2c00000, 0x00000000a2c00000, 0x00000000a2d00000|  0%| F|  |TAMS 0x00000000a2c00000| PB 0x00000000a2c00000| Untracked |  0
|  15|0x00000000a2d00000, 0x00000000a2d00000, 0x00000000a2e00000|  0%| F|  |TAMS 0x00000000a2d00000| PB 0x00000000a2d00000| Untracked |  0
|  16|0x00000000a2e00000, 0x00000000a2e00000, 0x00000000a2f00000|  0%| F|  |TAMS 0x00000000a2e00000| PB 0x00000000a2e00000| Untracked |  0
|  17|0x00000000a2f00000, 0x00000000a2f00000, 0x00000000a3000000|  0%| F|  |TAMS 0x00000000a2f00000| PB 0x00000000a2f00000| Untracked |  0
|  18|0x00000000a3000000, 0x00000000a3000000, 0x00000000a3100000|  0%| F|  |TAMS 0x00000000a3000000| PB 0x00000000a3000000| Untracked |  0
|  19|0x00000000a3100000, 0x00000000a3100000, 0x00000000a3200000|  0%| F|  |TAMS 0x00000000a3100000| PB 0x00000000a3100000| Untracked |  0
|  20|0x00000000a3200000, 0x00000000a3200000, 0x00000000a3300000|  0%| F|  |TAMS 0x00000000a3200000| PB 0x00000000a3200000| Untracked |  0
|  21|0x00000000a3300000, 0x00000000a3300000, 0x00000000a3400000|  0%| F|  |TAMS 0x00000000a3300000| PB 0x00000000a3300000| Untracked |  0
|  22|0x00000000a3400000, 0x00000000a3400000, 0x00000000a3500000|  0%| F|  |TAMS 0x00000000a3400000| PB 0x00000000a3400000| Untracked |  0
|  23|0x00000000a3500000, 0x00000000a3500000, 0x00000000a3600000|  0%| F|  |TAMS 0x00000000a3500000| PB 0x00000000a3500000| Untracked |  0
|  24|0x00000000a3600000, 0x00000000a3600000, 0x00000000a3700000|  0%| F|  |TAMS 0x00000000a3600000| PB 0x00000000a3600000| Untracked |  0
|  25|0x00000000a3700000, 0x00000000a3700000, 0x00000000a3800000|  0%| F|  |TAMS 0x00000000a3700000| PB 0x00000000a3700000| Untracked |  0
|  26|0x00000000a3800000, 0x00000000a3800000, 0x00000000a3900000|  0%| F|  |TAMS 0x00000000a3800000| PB 0x00000000a3800000| Untracked |  0
|  27|0x00000000a3900000, 0x00000000a3900000, 0x00000000a3a00000|  0%| F|  |TAMS 0x00000000a3900000| PB 0x00000000a3900000| Untracked |  0
|  28|0x00000000a3a00000, 0x00000000a3a00000, 0x00000000a3b00000|  0%| F|  |TAMS 0x00000000a3a00000| PB 0x00000000a3a00000| Untracked |  0
|  29|0x00000000a3b00000, 0x00000000a3b00000, 0x00000000a3c00000|  0%| F|  |TAMS 0x00000000a3b00000| PB 0x00000000a3b00000| Untracked |  0
|  30|0x00000000a3c00000, 0x00000000a3c00000, 0x00000000a3d00000|  0%| F|  |TAMS 0x00000000a3c00000| PB 0x00000000a3c00000| Untracked |  0
|  31|0x00000000a3d00000, 0x00000000a3d00000, 0x00000000a3e00000|  0%| F|  |TAMS 0x00000000a3d00000| PB 0x00000000a3d00000| Untracked |  0
|  32|0x00000000a3e00000, 0x00000000a3e00000, 0x00000000a3f00000|  0%| F|  |TAMS 0x00000000a3e00000| PB 0x00000000a3e00000| Untracked |  0
|  33|0x00000000a3f00000, 0x00000000a3f00000, 0x00000000a4000000|  0%| F|  |TAMS 0x00000000a3f00000| PB 0x00000000a3f00000| Untracked |  0
|  34|0x00000000a4000000, 0x00000000a40926d0, 0x00000000a4100000| 57%| E|  |TAMS 0x00000000a4000000| PB 0x00000000a4000000| Complete |  0
|  35|0x00000000a4100000, 0x00000000a4200000, 0x00000000a4200000|100%| E|CS|TAMS 0x00000000a4100000| PB 0x00000000a4100000| Complete |  0
|  36|0x00000000a4200000, 0x00000000a4300000, 0x00000000a4300000|100%| E|CS|TAMS 0x00000000a4200000| PB 0x00000000a4200000| Complete |  0
|  37|0x00000000a4300000, 0x00000000a4400000, 0x00000000a4400000|100%| E|CS|TAMS 0x00000000a4300000| PB 0x00000000a4300000| Complete |  0
|  38|0x00000000a4400000, 0x00000000a4500000, 0x00000000a4500000|100%| E|CS|TAMS 0x00000000a4400000| PB 0x00000000a4400000| Complete |  0
|  39|0x00000000a4500000, 0x00000000a4600000, 0x00000000a4600000|100%| E|CS|TAMS 0x00000000a4500000| PB 0x00000000a4500000| Complete |  0
|  40|0x00000000a4600000, 0x00000000a4700000, 0x00000000a4700000|100%| S|CS|TAMS 0x00000000a4600000| PB 0x00000000a4600000| Complete |  0
|  41|0x00000000a4700000, 0x00000000a4800000, 0x00000000a4800000|100%| S|CS|TAMS 0x00000000a4700000| PB 0x00000000a4700000| Complete |  0
|  43|0x00000000a4900000, 0x00000000a4a00000, 0x00000000a4a00000|100%| E|CS|TAMS 0x00000000a4900000| PB 0x00000000a4900000| Complete |  0
|  44|0x00000000a4a00000, 0x00000000a4b00000, 0x00000000a4b00000|100%| E|CS|TAMS 0x00000000a4a00000| PB 0x00000000a4a00000| Complete |  0
|  45|0x00000000a4b00000, 0x00000000a4c00000, 0x00000000a4c00000|100%| E|CS|TAMS 0x00000000a4b00000| PB 0x00000000a4b00000| Complete |  0
|  46|0x00000000a4c00000, 0x00000000a4d00000, 0x00000000a4d00000|100%| E|CS|TAMS 0x00000000a4c00000| PB 0x00000000a4c00000| Complete |  0
|  47|0x00000000a4d00000, 0x00000000a4e00000, 0x00000000a4e00000|100%| E|CS|TAMS 0x00000000a4d00000| PB 0x00000000a4d00000| Complete |  0
|  52|0x00000000a5200000, 0x00000000a5300000, 0x00000000a5300000|100%| E|CS|TAMS 0x00000000a5200000| PB 0x00000000a5200000| Complete |  0
|  53|0x00000000a5300000, 0x00000000a5400000, 0x00000000a5400000|100%| E|CS|TAMS 0x00000000a5300000| PB 0x00000000a5300000| Complete |  0
|  95|0x00000000a7d00000, 0x00000000a7e00000, 0x00000000a7e00000|100%| E|CS|TAMS 0x00000000a7d00000| PB 0x00000000a7d00000| Complete |  0
|1496|0x00000000ff600000, 0x00000000ff67c4b0, 0x00000000ff700000| 48%| O|  |TAMS 0x00000000ff600000| PB 0x00000000ff600000| Untracked |  0
|1497|0x00000000ff700000, 0x00000000ff800000, 0x00000000ff800000|100%| O|  |TAMS 0x00000000ff700000| PB 0x00000000ff700000| Untracked |  0
|1498|0x00000000ff800000, 0x00000000ff900000, 0x00000000ff900000|100%| O|  |TAMS 0x00000000ff800000| PB 0x00000000ff800000| Untracked |  0
|1499|0x00000000ff900000, 0x00000000ffa00000, 0x00000000ffa00000|100%| O|  |TAMS 0x00000000ff900000| PB 0x00000000ff900000| Untracked |  0
|1500|0x00000000ffa00000, 0x00000000ffb00000, 0x00000000ffb00000|100%| O|  |TAMS 0x00000000ffa00000| PB 0x00000000ffa00000| Untracked |  0
|1501|0x00000000ffb00000, 0x00000000ffc00000, 0x00000000ffc00000|100%| O|  |TAMS 0x00000000ffb00000| PB 0x00000000ffb00000| Untracked |  0
|1502|0x00000000ffc00000, 0x00000000ffd00000, 0x00000000ffd00000|100%| O|  |TAMS 0x00000000ffc00000| PB 0x00000000ffc00000| Untracked |  0
|1503|0x00000000ffd00000, 0x00000000ffe00000, 0x00000000ffe00000|100%| O|  |TAMS 0x00000000ffd00000| PB 0x00000000ffd00000| Untracked |  0
|1504|0x00000000ffe00000, 0x00000000fff00000, 0x00000000fff00000|100%| O|  |TAMS 0x00000000ffe00000| PB 0x00000000ffe00000| Untracked |  0
|1505|0x00000000fff00000, 0x00000000fff1d248, 0x0000000100000000| 11%| O|Cm|TAMS 0x00000000fff00000| PB 0x00000000fff00000| Complete |  0

Card table byte_map: [0x000001d5fce00000,0x000001d5fd100000] _byte_map_base: 0x000001d5fc8f1000

Marking Bits: (CMBitMap*) 0x000001d5f42a8e40
 Bits: [0x000001d5fd100000, 0x000001d5fe888000)

Polling page: 0x000001d5f2250000

Metaspace:

Usage:
  Non-class:     21.47 MB used.
      Class:      2.33 MB used.
       Both:     23.79 MB used.

Virtual space:
  Non-class space:       64.00 MB reserved,      21.56 MB ( 34%) committed,  1 nodes.
      Class space:        1.00 GB reserved,       2.44 MB ( <1%) committed,  1 nodes.
             Both:        1.06 GB reserved,      24.00 MB (  2%) committed. 

Chunk freelists:
   Non-Class:  10.26 MB
       Class:  13.61 MB
        Both:  23.87 MB

MaxMetaspaceSize: unlimited
CompressedClassSpaceSize: 1.00 GB
Initial GC threshold: 21.00 MB
Current GC threshold: 35.31 MB
CDS: on
 - commit_granule_bytes: 65536.
 - commit_granule_words: 8192.
 - virtual_space_node_default_size: 8388608.
 - enlarge_chunks_in_place: 1.
UseCompressedClassPointers 1, UseCompactObjectHeaders 0
Narrow klass pointer bits 32, Max shift 3
Narrow klass base: 0x000001d591000000, Narrow klass shift: 0
Encoding Range: [0x000001d591000000 - 0x000001d691000000), (4294967296 bytes)
Klass Range:    [0x000001d591000000 - 0x000001d5d2000000), (1090519040 bytes)
Klass ID Range:  [8 - 1090519033) (1090519025)


Internal statistics:

num_allocs_failed_limit: 3.
num_arena_births: 162.
num_arena_deaths: 0.
num_vsnodes_births: 2.
num_vsnodes_deaths: 0.
num_space_committed: 384.
num_space_uncommitted: 0.
num_chunks_returned_to_freelist: 3.
num_chunks_taken_from_freelist: 780.
num_chunk_merges: 0.
num_chunk_splits: 541.
num_chunks_enlarged: 441.
num_inconsistent_stats: 0.

CodeHeap 'non-profiled nmethods': size=120064Kb used=2049Kb max_used=2049Kb free=118014Kb
 bounds [0x000001d587ac0000, 0x000001d587d30000, 0x000001d58f000000]
CodeHeap 'profiled nmethods': size=120000Kb used=9924Kb max_used=9924Kb free=110075Kb
 bounds [0x000001d580000000, 0x000001d5809c0000, 0x000001d587530000]
CodeHeap 'non-nmethods': size=5696Kb used=1417Kb max_used=1490Kb free=4279Kb
 bounds [0x000001d587530000, 0x000001d5877a0000, 0x000001d587ac0000]
CodeCache: size=245760Kb, used=13390Kb, max_used=13463Kb, free=232368Kb
 total_blobs=6263, nmethods=5689, adapters=478, full_count=0
Compilation: enabled, stopped_count=0, restarted_count=0

Compilation events (20 events):
Event: 36.994 Thread 0x000001d5fed3c480 nmethod 5682 0x000001d5809ae208 code [0x000001d5809ae3a0, 0x000001d5809aebd0]
Event: 36.994 Thread 0x000001d5fed3c480 5683       3       org.apache.maven.cli.transfer.ConsoleMavenTransferListener$TransferResourceAndSize::<init> (8 bytes)
Event: 36.994 Thread 0x000001d5fed3c480 nmethod 5683 0x000001d5809aec88 code [0x000001d5809aeda0, 0x000001d5809af020]
Event: 36.994 Thread 0x000001d5fed3c480 5684   !   3       java.io.PrintStream::flush (35 bytes)
Event: 36.995 Thread 0x000001d5fed3c480 nmethod 5684 0x000001d5809af088 code [0x000001d5809af1e0, 0x000001d5809af710]
Event: 37.155 Thread 0x000001d5fed347e0 5685       4       jdk.internal.ref.PhantomCleanable::<init> (90 bytes)
Event: 37.162 Thread 0x000001d5fed347e0 nmethod 5685 0x000001d587cbed88 code [0x000001d587cbeee0, 0x000001d587cbf8f0]
Event: 37.162 Thread 0x000001d5fed347e0 5686       4       java.nio.ByteBuffer::flip (7 bytes)
Event: 37.163 Thread 0x000001d5fed347e0 nmethod 5686 0x000001d587cbf988 code [0x000001d587cbfa80, 0x000001d587cbfb08]
Event: 37.587 Thread 0x000001d5fed3c480 5687       3       java.lang.CharacterDataLatin1::isDigit (18 bytes)
Event: 37.587 Thread 0x000001d5fed3c480 nmethod 5687 0x000001d5809af788 code [0x000001d5809af8a0, 0x000001d5809afa28]
Event: 37.628 Thread 0x000001d5fed3c480 5688       3       java.lang.String::repeat (151 bytes)
Event: 37.629 Thread 0x000001d5fed3c480 nmethod 5688 0x000001d5809afa88 code [0x000001d5809afce0, 0x000001d5809b0d18]
Event: 37.644 Thread 0x000001d5fed3c480 5689       3       jdk.internal.misc.Unsafe::putIntOpaque (9 bytes)
Event: 37.644 Thread 0x000001d5fed3c480 nmethod 5689 0x000001d5809b0d88 code [0x000001d5809b0ea0, 0x000001d5809b0fb0]
Event: 37.647 Thread 0x000001d5fed347e0 5690 %     4       java.lang.StringCoding::implEncodeAsciiArray @ 3 (47 bytes)
Event: 37.654 Thread 0x000001d5fed347e0 nmethod 5690% 0x000001d587cbfc88 code [0x000001d587cbfda0, 0x000001d587cc0160]
Event: 37.654 Thread 0x000001d5fed347e0 5691       4       java.io.FilterOutputStream::write (34 bytes)
Event: 37.657 Thread 0x000001d5fed347e0 nmethod 5691 0x000001d587cc0188 code [0x000001d587cc02a0, 0x000001d587cc0460]
Event: 37.723 Thread 0x000001d5fed347e0 5692       4       jdk.internal.math.FloatingDecimal$BinaryToASCIIBuffer::dtoa (1509 bytes)

GC Heap History (8 events):
Event: 1.806 GC heap before
{Heap before GC invocations=0 (full 0):
 garbage-first heap   total reserved 1542144K, committed 100352K, used 29812K [0x00000000a1e00000, 0x0000000100000000)
  region size 1024K, 28 young (28672K), 0 survivors (0K)
 Metaspace       used 6122K, committed 6208K, reserved 1114112K
  class space    used 539K, committed 576K, reserved 1048576K
}
Event: 1.819 GC heap after
{Heap after GC invocations=1 (full 0):
 garbage-first heap   total reserved 1542144K, committed 100352K, used 4596K [0x00000000a1e00000, 0x0000000100000000)
  region size 1024K, 4 young (4096K), 4 survivors (4096K)
 Metaspace       used 6122K, committed 6208K, reserved 1114112K
  class space    used 539K, committed 576K, reserved 1048576K
}
Event: 3.534 GC heap before
{Heap before GC invocations=1 (full 0):
 garbage-first heap   total reserved 1542144K, committed 100352K, used 45556K [0x00000000a1e00000, 0x0000000100000000)
  region size 1024K, 44 young (45056K), 4 survivors (4096K)
 Metaspace       used 13754K, committed 13952K, reserved 1114112K
  class space    used 1347K, committed 1408K, reserved 1048576K
}
Event: 3.553 GC heap after
{Heap after GC invocations=2 (full 0):
 garbage-first heap   total reserved 1542144K, committed 100352K, used 7828K [0x00000000a1e00000, 0x0000000100000000)
  region size 1024K, 4 young (4096K), 4 survivors (4096K)
 Metaspace       used 13754K, committed 13952K, reserved 1114112K
  class space    used 1347K, committed 1408K, reserved 1048576K
}
Event: 6.504 GC heap before
{Heap before GC invocations=2 (full 0):
 garbage-first heap   total reserved 1542144K, committed 100352K, used 49812K [0x00000000a1e00000, 0x0000000100000000)
  region size 1024K, 46 young (47104K), 4 survivors (4096K)
 Metaspace       used 21245K, committed 21504K, reserved 1114112K
  class space    used 2108K, committed 2240K, reserved 1048576K
}
Event: 6.530 GC heap after
{Heap after GC invocations=3 (full 0):
 garbage-first heap   total reserved 1542144K, committed 100352K, used 14452K [0x00000000a1e00000, 0x0000000100000000)
  region size 1024K, 7 young (7168K), 7 survivors (7168K)
 Metaspace       used 21245K, committed 21504K, reserved 1114112K
  class space    used 2108K, committed 2240K, reserved 1048576K
}
Event: 27.915 GC heap before
{Heap before GC invocations=4 (full 0):
 garbage-first heap   total reserved 1542144K, committed 51200K, used 49268K [0x00000000a1e00000, 0x0000000100000000)
  region size 1024K, 42 young (43008K), 7 survivors (7168K)
 Metaspace       used 23957K, committed 24256K, reserved 1114112K
  class space    used 2363K, committed 2496K, reserved 1048576K
}
Event: 27.941 GC heap after
{Heap after GC invocations=5 (full 0):
 garbage-first heap   total reserved 1542144K, committed 61440K, used 16997K [0x00000000a1e00000, 0x0000000100000000)
  region size 1024K, 2 young (2048K), 2 survivors (2048K)
 Metaspace       used 23957K, committed 24256K, reserved 1114112K
  class space    used 2363K, committed 2496K, reserved 1048576K
}

Dll operation events (10 events):
Event: 0.011 Loaded shared library C:\Program Files\Java\jdk-24\bin\java.dll
Event: 0.046 Loaded shared library C:\Program Files\Java\jdk-24\bin\jsvml.dll
Event: 0.150 Loaded shared library C:\Program Files\Java\jdk-24\bin\net.dll
Event: 0.155 Loaded shared library C:\Program Files\Java\jdk-24\bin\nio.dll
Event: 0.165 Loaded shared library C:\Program Files\Java\jdk-24\bin\zip.dll
Event: 0.514 Loaded shared library C:\Program Files\Java\jdk-24\bin\jimage.dll
Event: 0.523 Loaded shared library C:\Users\Mc-kevin\.m2\wrapper\dists\apache-maven-3.9.12\59fe215c0ad6947fea90184bf7add084544567b927287592651fda3782e0e798\lib\jansi-native\Windows\x86_64\jansi.dll
Event: 0.545 Loaded shared library C:\Program Files\Java\jdk-24\bin\verify.dll
Event: 5.284 Loaded shared library C:\Program Files\Java\jdk-24\bin\extnet.dll
Event: 6.363 Loaded shared library C:\Program Files\Java\jdk-24\bin\sunmscapi.dll

Deoptimization events (20 events):
Event: 27.949 Thread 0x000001d5f2065200 Uncommon trap: trap_request=0xffffffbe fr.pc=0x000001d587c95d48 relative=0x0000000000000308
Event: 27.949 Thread 0x000001d5f2065200 Uncommon trap: reason=profile_predicate action=maybe_recompile pc=0x000001d587c95d48 method=java.util.regex.Pattern$Slice.match(Ljava/util/regex/Matcher;ILjava/lang/CharSequence;)Z @ 18 c2
Event: 27.949 Thread 0x000001d5f2065200 DEOPT PACKING pc=0x000001d587c95d48 sp=0x0000006f3f1fb9e0
Event: 27.949 Thread 0x000001d5f2065200 DEOPT UNPACKING pc=0x000001d587646702 sp=0x0000006f3f1fb970 mode 2
Event: 27.949 Thread 0x000001d5f2065200 Uncommon trap: trap_request=0xffffffbe fr.pc=0x000001d587c95d48 relative=0x0000000000000308
Event: 27.949 Thread 0x000001d5f2065200 Uncommon trap: reason=profile_predicate action=maybe_recompile pc=0x000001d587c95d48 method=java.util.regex.Pattern$Slice.match(Ljava/util/regex/Matcher;ILjava/lang/CharSequence;)Z @ 18 c2
Event: 27.949 Thread 0x000001d5f2065200 DEOPT PACKING pc=0x000001d587c95d48 sp=0x0000006f3f1fb9e0
Event: 27.949 Thread 0x000001d5f2065200 DEOPT UNPACKING pc=0x000001d587646702 sp=0x0000006f3f1fb970 mode 2
Event: 27.949 Thread 0x000001d5f2065200 Uncommon trap: trap_request=0xffffffbe fr.pc=0x000001d587c95d48 relative=0x0000000000000308
Event: 27.949 Thread 0x000001d5f2065200 Uncommon trap: reason=profile_predicate action=maybe_recompile pc=0x000001d587c95d48 method=java.util.regex.Pattern$Slice.match(Ljava/util/regex/Matcher;ILjava/lang/CharSequence;)Z @ 18 c2
Event: 27.949 Thread 0x000001d5f2065200 DEOPT PACKING pc=0x000001d587c95d48 sp=0x0000006f3f1fb9e0
Event: 27.949 Thread 0x000001d5f2065200 DEOPT UNPACKING pc=0x000001d587646702 sp=0x0000006f3f1fb970 mode 2
Event: 30.875 Thread 0x000001d5f2065200 DEOPT PACKING pc=0x000001d580854ed5 sp=0x0000006f3f1fc700
Event: 30.875 Thread 0x000001d5f2065200 DEOPT UNPACKING pc=0x000001d587585722 sp=0x0000006f3f1fbc38 mode 0
Event: 35.610 Thread 0x000001d5d738e250 DEOPT PACKING pc=0x000001d58062ca97 sp=0x0000006f407fe8c0
Event: 35.610 Thread 0x000001d5d738e250 DEOPT UNPACKING pc=0x000001d587585722 sp=0x0000006f407fdce0 mode 0
Event: 36.311 Thread 0x000001d5d7013200 Uncommon trap: trap_request=0xffffff6e fr.pc=0x000001d587cbd3b0 relative=0x00000000000009f0
Event: 36.311 Thread 0x000001d5d7013200 Uncommon trap: reason=loop_limit_check action=maybe_recompile pc=0x000001d587cbd3b0 method=java.text.DigitList.roundUp(I)I @ 4 c2
Event: 36.311 Thread 0x000001d5d7013200 DEOPT PACKING pc=0x000001d587cbd3b0 sp=0x0000006f406fe6f0
Event: 36.311 Thread 0x000001d5d7013200 DEOPT UNPACKING pc=0x000001d587646702 sp=0x0000006f406fe570 mode 2

Classes loaded (20 events):
Event: 11.766 Loading class java/nio/file/Path$1
Event: 11.766 Loading class java/nio/file/Path$1 done
Event: 21.028 Loading class sun/nio/cs/ISO_8859_1$Decoder
Event: 21.029 Loading class sun/nio/cs/ISO_8859_1$Decoder done
Event: 31.210 Loading class sun/security/ssl/PreSharedKeyExtension$PskIdentity
Event: 31.297 Loading class sun/security/ssl/PreSharedKeyExtension$PskIdentity done
Event: 31.297 Loading class sun/security/ssl/PreSharedKeyExtension$CHPreSharedKeySpec
Event: 31.298 Loading class sun/security/ssl/PreSharedKeyExtension$CHPreSharedKeySpec done
Event: 31.298 Loading class sun/security/ssl/PreSharedKeyExtension$PartialClientHelloMessage
Event: 31.299 Loading class sun/security/ssl/PreSharedKeyExtension$PartialClientHelloMessage done
Event: 31.299 Loading class sun/security/ssl/SSLEngineOutputRecord
Event: 31.300 Loading class sun/security/ssl/SSLEngineOutputRecord done
Event: 31.300 Loading class sun/security/ssl/SSLEngineOutputRecord$HandshakeFragment
Event: 31.301 Loading class sun/security/ssl/SSLEngineOutputRecord$HandshakeFragment done
Event: 31.301 Loading class sun/security/ssl/SSLEngineOutputRecord$HandshakeMemo
Event: 31.301 Loading class sun/security/ssl/SSLEngineOutputRecord$RecordMemo
Event: 31.301 Loading class sun/security/ssl/SSLEngineOutputRecord$RecordMemo done
Event: 31.301 Loading class sun/security/ssl/SSLEngineOutputRecord$HandshakeMemo done
Event: 32.113 Loading class sun/security/ssl/PreSharedKeyExtension$SHPreSharedKeySpec
Event: 32.114 Loading class sun/security/ssl/PreSharedKeyExtension$SHPreSharedKeySpec done

Classes unloaded (0 events):
No events

Classes redefined (0 events):
No events

Internal exceptions (20 events):
Event: 32.603 Thread 0x000001d5d738e9a0 Exception <a 'sun/nio/fs/WindowsException'{0x00000000a4ac3c30}> (0x00000000a4ac3c30) 
thrown [s\open\src\hotspot\share\prims\jni.cpp, line 518]
Event: 32.605 Thread 0x000001d5d73a7510 Exception <a 'sun/nio/fs/WindowsException'{0x00000000a45456f8}> (0x00000000a45456f8) 
thrown [s\open\src\hotspot\share\prims\jni.cpp, line 518]
Event: 32.618 Thread 0x000001d5d73a7510 Exception <a 'sun/nio/fs/WindowsException'{0x00000000a4547548}> (0x00000000a4547548) 
thrown [s\open\src\hotspot\share\prims\jni.cpp, line 518]
Event: 32.914 Thread 0x000001d5d738e9a0 Exception <a 'sun/nio/fs/WindowsException'{0x00000000a45b6530}> (0x00000000a45b6530) 
thrown [s\open\src\hotspot\share\prims\jni.cpp, line 518]
Event: 33.182 Thread 0x000001d5d73a7510 Exception <a 'sun/nio/fs/WindowsException'{0x00000000a45d5d18}> (0x00000000a45d5d18) 
thrown [s\open\src\hotspot\share\prims\jni.cpp, line 518]
Event: 33.213 Thread 0x000001d5d73abe30 Exception <a 'sun/nio/fs/WindowsException'{0x00000000a49a6300}> (0x00000000a49a6300) 
thrown [s\open\src\hotspot\share\prims\jni.cpp, line 518]
Event: 33.220 Thread 0x000001d5d73abe30 Exception <a 'sun/nio/fs/WindowsException'{0x00000000a49b0320}> (0x00000000a49b0320) 
thrown [s\open\src\hotspot\share\prims\jni.cpp, line 518]
Event: 33.578 Thread 0x000001d5d738e250 Exception <a 'sun/nio/fs/WindowsException'{0x00000000a4a878c0}> (0x00000000a4a878c0) 
thrown [s\open\src\hotspot\share\prims\jni.cpp, line 518]
Event: 33.578 Thread 0x000001d5d73abe30 Exception <a 'sun/nio/fs/WindowsException'{0x00000000a445c4e8}> (0x00000000a445c4e8) 
thrown [s\open\src\hotspot\share\prims\jni.cpp, line 518]
Event: 33.591 Thread 0x000001d5d73abe30 Exception <a 'sun/nio/fs/WindowsException'{0x00000000a4473948}> (0x00000000a4473948) 
thrown [s\open\src\hotspot\share\prims\jni.cpp, line 518]
Event: 33.599 Thread 0x000001d5d73abe30 Exception <a 'sun/nio/fs/WindowsException'{0x00000000a44756d8}> (0x00000000a44756d8) 
thrown [s\open\src\hotspot\share\prims\jni.cpp, line 518]
Event: 34.009 Thread 0x000001d5d73abe30 Exception <a 'sun/nio/fs/WindowsException'{0x00000000a447bf58}> (0x00000000a447bf58) 
thrown [s\open\src\hotspot\share\prims\jni.cpp, line 518]
Event: 36.357 Thread 0x000001d5d73aaf90 Exception <a 'sun/nio/fs/WindowsException'{0x00000000a4225668}> (0x00000000a4225668) 
thrown [s\open\src\hotspot\share\prims\jni.cpp, line 518]
Event: 36.425 Thread 0x000001d5d73aaf90 Exception <a 'sun/nio/fs/WindowsException'{0x00000000a418f648}> (0x00000000a418f648) 
thrown [s\open\src\hotspot\share\prims\jni.cpp, line 518]
Event: 37.154 Thread 0x000001d5d73abe30 Exception <a 'sun/nio/fs/WindowsException'{0x00000000a41e4698}> (0x00000000a41e4698) 
thrown [s\open\src\hotspot\share\prims\jni.cpp, line 518]
Event: 37.160 Thread 0x000001d5d73abe30 Exception <a 'sun/nio/fs/WindowsException'{0x00000000a41f6498}> (0x00000000a41f6498) 
thrown [s\open\src\hotspot\share\prims\jni.cpp, line 518]
Event: 37.563 Thread 0x000001d5d73abe30 Exception <a 'sun/nio/fs/WindowsException'{0x00000000a41fd130}> (0x00000000a41fd130) 
thrown [s\open\src\hotspot\share\prims\jni.cpp, line 518]
Event: 37.588 Thread 0x000001d5d73aaf90 Exception <a 'sun/nio/fs/WindowsException'{0x00000000a4196240}> (0x00000000a4196240) 
thrown [s\open\src\hotspot\share\prims\jni.cpp, line 518]
Event: 37.631 Thread 0x000001d5d73abe30 Exception <a 'sun/nio/fs/WindowsException'{0x00000000a405d3f0}> (0x00000000a405d3f0) 
thrown [s\open\src\hotspot\share\prims\jni.cpp, line 518]
Event: 37.644 Thread 0x000001d5d73abe30 Exception <a 'sun/nio/fs/WindowsException'{0x00000000a406f3a0}> (0x00000000a406f3a0) 
thrown [s\open\src\hotspot\share\prims\jni.cpp, line 518]

VM Operations (20 events):
Event: 4.742 Executing VM operation: HandshakeAllThreads (Deoptimize)
Event: 4.742 Executing VM operation: HandshakeAllThreads (Deoptimize) done
Event: 4.780 Executing VM operation: HandshakeAllThreads (Deoptimize)
Event: 4.780 Executing VM operation: HandshakeAllThreads (Deoptimize) done
Event: 4.869 Executing VM operation: HandshakeAllThreads (Deoptimize)
Event: 4.869 Executing VM operation: HandshakeAllThreads (Deoptimize) done
Event: 5.074 Executing VM operation: HandshakeAllThreads (Deoptimize)
Event: 5.074 Executing VM operation: HandshakeAllThreads (Deoptimize) done
Event: 5.075 Executing VM operation: HandshakeAllThreads (Deoptimize)
Event: 5.075 Executing VM operation: HandshakeAllThreads (Deoptimize) done
Event: 6.432 Executing VM operation: HandshakeAllThreads (Deoptimize)
Event: 6.432 Executing VM operation: HandshakeAllThreads (Deoptimize) done
Event: 6.504 Executing VM operation: CollectForMetadataAllocation (Metadata GC Threshold)
Event: 6.530 Executing VM operation: CollectForMetadataAllocation (Metadata GC Threshold) done
Event: 6.552 Executing VM operation: G1PauseRemark
Event: 6.562 Executing VM operation: G1PauseRemark done
Event: 6.568 Executing VM operation: G1PauseCleanup
Event: 6.569 Executing VM operation: G1PauseCleanup done
Event: 27.915 Executing VM operation: G1CollectForAllocation (G1 Evacuation Pause)
Event: 27.942 Executing VM operation: G1CollectForAllocation (G1 Evacuation Pause) done

Memory protections (0 events):
No events

Nmethod flushes (0 events):
No events

Events (20 events):
Event: 0.044 Thread 0x000001d5f2065200 Thread added: 0x000001d5fed347e0
Event: 0.044 Thread 0x000001d5f2065200 Thread added: 0x000001d5fed3c480
Event: 0.141 Thread 0x000001d5f2065200 Thread added: 0x000001d5d60a6da0
Event: 0.145 Thread 0x000001d5f2065200 Thread added: 0x000001d5d60abd10
Event: 0.512 Thread 0x000001d5f2065200 Thread added: 0x000001d5d65dc390
Event: 0.670 Thread 0x000001d5d65dc390 Thread exited: 0x000001d5d65dc390
Event: 3.448 Thread 0x000001d5f2065200 Thread added: 0x000001d5d7013200
Event: 4.507 Thread 0x000001d5f2065200 Thread added: 0x000001d5d743dd10
Event: 4.507 Thread 0x000001d5f2065200 Thread added: 0x000001d5d743e450
Event: 4.507 Thread 0x000001d5f2065200 Thread added: 0x000001d5d7054250
Event: 4.507 Thread 0x000001d5f2065200 Thread added: 0x000001d5d70af680
Event: 11.364 Thread 0x000001d5d70af680 Thread exited: 0x000001d5d70af680
Event: 11.364 Thread 0x000001d5d743dd10 Thread exited: 0x000001d5d743dd10
Event: 11.365 Thread 0x000001d5d7054250 Thread exited: 0x000001d5d7054250
Event: 11.365 Thread 0x000001d5d743e450 Thread exited: 0x000001d5d743e450
Event: 30.961 Thread 0x000001d5f2065200 Thread added: 0x000001d5d738e250
Event: 30.961 Thread 0x000001d5f2065200 Thread added: 0x000001d5d738e9a0
Event: 30.961 Thread 0x000001d5f2065200 Thread added: 0x000001d5d73abe30
Event: 30.962 Thread 0x000001d5f2065200 Thread added: 0x000001d5d73aaf90
Event: 30.963 Thread 0x000001d5f2065200 Thread added: 0x000001d5d73a7510


Dynamic libraries:
0x00007ff7912a0000 - 0x00007ff7912b0000 	C:\Program Files\Java\jdk-24\bin\java.exe
0x00007ff96a6f0000 - 0x00007ff96a907000 	C:\Windows\SYSTEM32\ntdll.dll
0x00007ff969310000 - 0x00007ff9693d4000 	C:\Windows\System32\KERNEL32.DLL
0x00007ff967a70000 - 0x00007ff967e27000 	C:\Windows\System32\KERNELBASE.dll
0x00007ff967e30000 - 0x00007ff967f41000 	C:\Windows\System32\ucrtbase.dll
0x00007ff954670000 - 0x00007ff95468b000 	C:\Program Files\Java\jdk-24\bin\VCRUNTIME140.dll
0x00007ff951280000 - 0x00007ff951296000 	C:\Program Files\Java\jdk-24\bin\jli.dll
0x00007ff96a4a0000 - 0x00007ff96a64f000 	C:\Windows\System32\USER32.dll
0x00007ff968250000 - 0x00007ff968276000 	C:\Windows\System32\win32u.dll
0x00007ff9696c0000 - 0x00007ff9696e9000 	C:\Windows\System32\GDI32.dll
0x00007ff955bf0000 - 0x00007ff955e83000 	C:\Windows\WinSxS\amd64_microsoft.windows.common-controls_6595b64144ccf1df_6.0.22621.3672_none_2713b9d173822955\COMCTL32.dll
0x00007ff967f50000 - 0x00007ff968068000 	C:\Windows\System32\gdi32full.dll
0x00007ff969ec0000 - 0x00007ff969f67000 	C:\Windows\System32\msvcrt.dll
0x00007ff9681b0000 - 0x00007ff96824a000 	C:\Windows\System32\msvcp_win.dll
0x00007ff96a2c0000 - 0x00007ff96a2f1000 	C:\Windows\System32\IMM32.DLL
0x00007ff9539a0000 - 0x00007ff9539ac000 	C:\Program Files\Java\jdk-24\bin\vcruntime140_1.dll
0x00007ff937920000 - 0x00007ff9379ae000 	C:\Program Files\Java\jdk-24\bin\msvcp140.dll
0x00007ff876e80000 - 0x00007ff877c21000 	C:\Program Files\Java\jdk-24\bin\server\jvm.dll
0x00007ff9697d0000 - 0x00007ff969882000 	C:\Windows\System32\ADVAPI32.dll
0x00007ff969260000 - 0x00007ff969308000 	C:\Windows\System32\sechost.dll
0x00007ff968280000 - 0x00007ff9682a8000 	C:\Windows\System32\bcrypt.dll
0x00007ff969430000 - 0x00007ff969544000 	C:\Windows\System32\RPCRT4.dll
0x00007ff96a300000 - 0x00007ff96a371000 	C:\Windows\System32\WS2_32.dll
0x00007ff960d80000 - 0x00007ff960db4000 	C:\Windows\SYSTEM32\WINMM.dll
0x00007ff9678d0000 - 0x00007ff96791d000 	C:\Windows\SYSTEM32\POWRPROF.dll
0x00007ff95dd20000 - 0x00007ff95dd2a000 	C:\Windows\SYSTEM32\VERSION.dll
0x00007ff9678b0000 - 0x00007ff9678c3000 	C:\Windows\SYSTEM32\UMPDC.dll
0x00007ff966a10000 - 0x00007ff966a28000 	C:\Windows\SYSTEM32\kernel.appcore.dll
0x00007ff9407b0000 - 0x00007ff9407ba000 	C:\Program Files\Java\jdk-24\bin\jimage.dll
0x00007ff95f520000 - 0x00007ff95f752000 	C:\Windows\SYSTEM32\DBGHELP.DLL
0x00007ff968ed0000 - 0x00007ff96925e000 	C:\Windows\System32\combase.dll
0x00007ff9696f0000 - 0x00007ff9697c7000 	C:\Windows\System32\OLEAUT32.dll
0x00007ff949310000 - 0x00007ff949342000 	C:\Windows\SYSTEM32\dbgcore.DLL
0x00007ff968070000 - 0x00007ff9680eb000 	C:\Windows\System32\bcryptPrimitives.dll
0x00007ff940790000 - 0x00007ff9407ae000 	C:\Program Files\Java\jdk-24\bin\java.dll
0x00007ff969890000 - 0x00007ff969a35000 	C:\Windows\System32\ole32.dll
0x00007ff968420000 - 0x00007ff968c89000 	C:\Windows\System32\SHELL32.dll
0x00007ff965920000 - 0x00007ff96621f000 	C:\Windows\SYSTEM32\windows.storage.dll
0x00007ff9657e0000 - 0x00007ff96591f000 	C:\Windows\SYSTEM32\wintypes.dll
0x00007ff96a100000 - 0x00007ff96a1f9000 	C:\Windows\System32\SHCORE.dll
0x00007ff96a380000 - 0x00007ff96a3de000 	C:\Windows\System32\shlwapi.dll
0x00007ff967930000 - 0x00007ff967957000 	C:\Windows\SYSTEM32\profapi.dll
0x00007ff8ac740000 - 0x00007ff8ac817000 	C:\Program Files\Java\jdk-24\bin\jsvml.dll
0x00007ff940420000 - 0x00007ff940430000 	C:\Program Files\Java\jdk-24\bin\net.dll
0x00007ff966e70000 - 0x00007ff966ed9000 	C:\Windows\system32\mswsock.dll
0x00007ff940400000 - 0x00007ff940416000 	C:\Program Files\Java\jdk-24\bin\nio.dll
0x00007ff93ff40000 - 0x00007ff93ff57000 	C:\Program Files\Java\jdk-24\bin\zip.dll
0x00007ff937e10000 - 0x00007ff937e34000 	C:\Users\Mc-kevin\.m2\wrapper\dists\apache-maven-3.9.12\59fe215c0ad6947fea90184bf7add084544567b927287592651fda3782e0e798\lib\jansi-native\Windows\x86_64\jansi.dll
0x00007ff938e10000 - 0x00007ff938e20000 	C:\Program Files\Java\jdk-24\bin\verify.dll
0x00007ff9671c0000 - 0x00007ff9671db000 	C:\Windows\SYSTEM32\CRYPTSP.dll
0x00007ff966970000 - 0x00007ff9669a5000 	C:\Windows\system32\rsaenh.dll
0x00007ff966f10000 - 0x00007ff966f38000 	C:\Windows\SYSTEM32\USERENV.dll
0x00007ff9671a0000 - 0x00007ff9671ac000 	C:\Windows\SYSTEM32\CRYPTBASE.dll
0x00007ff966480000 - 0x00007ff9664ad000 	C:\Windows\SYSTEM32\IPHLPAPI.DLL
0x00007ff96a280000 - 0x00007ff96a289000 	C:\Windows\System32\NSI.dll
0x00007ff9664f0000 - 0x00007ff9665f2000 	C:\Windows\SYSTEM32\DNSAPI.dll
0x0000000072e90000 - 0x0000000072eb6000 	C:\Program Files\Bonjour\mdnsNSP.dll
0x00007ff960ca0000 - 0x00007ff960caa000 	C:\Windows\System32\rasadhlp.dll
0x00007ff95eea0000 - 0x00007ff95ef23000 	C:\Windows\System32\fwpuclnt.dll
0x00007ff938d00000 - 0x00007ff938d09000 	C:\Program Files\Java\jdk-24\bin\extnet.dll
0x00007ff937ef0000 - 0x00007ff937efe000 	C:\Program Files\Java\jdk-24\bin\sunmscapi.dll
0x00007ff9682b0000 - 0x00007ff968416000 	C:\Windows\System32\CRYPT32.dll
0x00007ff9672d0000 - 0x00007ff9672fd000 	C:\Windows\SYSTEM32\ncrypt.dll
0x00007ff967290000 - 0x00007ff9672c7000 	C:\Windows\SYSTEM32\NTASN1.dll

JVMTI agents: none

dbghelp: loaded successfully - version: 4.0.5 - missing functions: none
symbol engine: initialized successfully - sym options: 0x614 - pdb path: .;C:\Program Files\Java\jdk-24\bin;C:\Windows\SYSTEM32;C:\Windows\WinSxS\amd64_microsoft.windows.common-controls_6595b64144ccf1df_6.0.22621.3672_none_2713b9d173822955;C:\Program Files\Java\jdk-24\bin\server;C:\Users\Mc-kevin\.m2\wrapper\dists\apache-maven-3.9.12\59fe215c0ad6947fea90184bf7add084544567b927287592651fda3782e0e798\lib\jansi-native\Windows\x86_64;C:\Program Files\Bonjour

VM Arguments:
jvm_args: --enable-native-access=ALL-UNNAMED -Dclassworlds.conf=C:\Users\Mc-kevin\.m2\wrapper\dists\apache-maven-3.9.12\59fe215c0ad6947fea90184bf7add084544567b927287592651fda3782e0e798\bin\m2.conf -Dmaven.home=C:\Users\Mc-kevin\.m2\wrapper\dists\apache-maven-3.9.12\59fe215c0ad6947fea90184bf7add084544567b927287592651fda3782e0e798 -Dlibrary.jansi.path=C:\Users\Mc-kevin\.m2\wrapper\dists\apache-maven-3.9.12\59fe215c0ad6947fea90184bf7add084544567b927287592651fda3782e0e798\lib\jansi-native -Dmaven.multiModuleProjectDirectory=C:\Users\Mc-kevin\Desktop\BC03_EC01\TaskManager 
java_command: org.codehaus.plexus.classworlds.launcher.Launcher spotless:apply
java_class_path (initial): C:\Users\Mc-kevin\.m2\wrapper\dists\apache-maven-3.9.12\59fe215c0ad6947fea90184bf7add084544567b927287592651fda3782e0e798\boot\plexus-classworlds-2.9.0.jar
Launcher Type: SUN_STANDARD

[Global flags]
     intx CICompilerCount                          = 3                                         {product} {ergonomic}
     uint ConcGCThreads                            = 1                                         {product} {ergonomic}
     uint G1ConcRefinementThreads                  = 4                                         {product} {ergonomic}
   size_t G1HeapRegionSize                         = 1048576                                   {product} {ergonomic}
   size_t InitialHeapSize                          = 100663296                                 {product} {ergonomic}
   size_t MarkStackSize                            = 4194304                                   {product} {ergonomic}
   size_t MarkStackSizeMax                         = 536870912                                 {product} {ergonomic}
   size_t MaxHeapSize                              = 1579155456                                {product} {ergonomic}
   size_t MaxNewSize                               = 946864128                                 {product} {ergonomic}
   size_t MinHeapDeltaBytes                        = 1048576                                   {product} {ergonomic}
   size_t MinHeapSize                              = 8388608                                   {product} {ergonomic}
    uintx NonNMethodCodeHeapSize                   = 5832704                                {pd product} {ergonomic}
    uintx NonProfiledCodeHeapSize                  = 122945536                              {pd product} {ergonomic}
    uintx ProfiledCodeHeapSize                     = 122880000                              {pd product} {ergonomic}
    uintx ReservedCodeCacheSize                    = 251658240                              {pd product} {ergonomic}
     bool SegmentedCodeCache                       = true                                      {product} {ergonomic}
   size_t SoftMaxHeapSize                          = 1579155456                             {manageable} {ergonomic}
     bool UseCompressedOops                        = true                           {product lp64_product} {ergonomic}
     bool UseG1GC                                  = true                                      {product} {ergonomic}
     bool UseLargePagesIndividualAllocation        = false                                  {pd product} {ergonomic}

Logging:
Log output configuration:
 #0: stdout all=warning uptime,level,tags foldmultilines=false
 #1: stderr all=off uptime,level,tags foldmultilines=false

Environment Variables:
PATH=C:\Program Files\Common Files\Oracle\Java\javapath;C:\Windows\system32;C:\Windows;C:\Windows\System32\Wbem;C:\Windows\System32\WindowsPowerShell\v1.0\;C:\Windows\System32\OpenSSH\;C:\Program Files\Docker\Docker\resources\bin;C:\Program Files\nodejs\;C:\Program Files\Git\cmd;C:\wamp64\bin\php\php8.4.15;C:\ProgramData\ComposerSetup\bin;c:\program files (x86)\realpopup\sdk\;C:\Users\Mc-kevin\AppData\Local\Programs\Python\Launcher\;C:\Users\Mc-kevin\AppData\Local\Microsoft\WindowsApps;C:\Users\Mc-kevin\AppData\Local\Programs\Microsoft VS Code\bin;C:\Program Files\JetBrains\IntelliJ IDEA 2024.3\bin;;C:\Users\Mc-kevin\AppData\Roaming\npm;C:\Users\Mc-kevin\AppData\Roaming\Composer\vendor\bin;C:\Users\Mc-kevin\AppData\Local\Programs\Antigravity\bin
USERNAME=Mc-kevin
OS=Windows_NT
PROCESSOR_IDENTIFIER=AMD64 Family 23 Model 24 Stepping 1, AuthenticAMD
TMP=C:\Users\Mc-kevin\AppData\Local\Temp
TEMP=C:\Users\Mc-kevin\AppData\Local\Temp




Periodic native trim disabled

---------------  S Y S T E M  ---------------

OS:
 Windows 11 , 64 bit Build 22621 (10.0.22621.3958)
OS uptime: 0 days 4:00 hours
Hyper-V role detected

CPU: total 4 (initial active 4) (4 cores per cpu, 2 threads per core) family 23 model 24 stepping 1 microcode 0x0, cx8, cmov, fxsr, ht, mmx, 3dnowpref, sse, sse2, sse3, ssse3, sse4a, sse4.1, sse4.2, popcnt, lzcnt, tsc, tscinvbit, avx, avx2, aes, clmul, bmi1, bmi2, adx, sha, fma, vzeroupper, clflush, clflushopt, hv, rdtscp, f16c
Processor Information for the first 4 processors :
  Max Mhz: 2600, Current Mhz: 2600, Mhz Limit: 2600

Memory: 4k page, system-wide physical 6023M (524M free)
TotalPageFile size 24455M (AvailPageFile size 85M)
current process WorkingSet (physical memory assigned to process): 152M, peak: 159M
current process commit charge ("private bytes"): 183M, peak: 224M

vm_info: Java HotSpot(TM) 64-Bit Server VM (24.0.2+12-54) for windows-amd64 JRE (24.0.2+12-54), built on 2025-07-08T12:10:27Z with MS VC++ 17.6 (VS2022)

END.
