#
# There is insufficient memory for the Java Runtime Environment to continue.
# Native memory allocation (malloc) failed to allocate 132496 bytes. Error detail: Chunk::new
# Possible reasons:
#   The system is out of physical RAM or swap space
#   This process is running with CompressedOops enabled, and the Java Heap may be blocking the growth of the native heap
# Possible solutions:
#   Reduce memory load on the system
#   Increase physical memory or swap space
#   Check if swap backing store is full
#   Decrease Java heap size (-Xmx/-Xms)
#   Decrease number of Java threads
#   Decrease Java thread stack sizes (-Xss)
#   Set larger code cache with -XX:ReservedCodeCacheSize=
#   JVM is running with Unscaled Compressed Oops mode in which the Java heap is
#     placed in the first 4GB address space. The Java Heap base address is the
#     maximum limit for the native heap growth. Please use -XX:HeapBaseMinAddress
#     to set the Java Heap base and to place the Java Heap above 4GB virtual address.
# This output file may be truncated or incomplete.
#
#  Out of Memory Error (arena.cpp:162), pid=16168, tid=17372
#
# JRE version: Java(TM) SE Runtime Environment (24.0.2+12) (build 24.0.2+12-54)
# Java VM: Java HotSpot(TM) 64-Bit Server VM (24.0.2+12-54, mixed mode, sharing, tiered, compressed oops, compressed class ptrs, g1 gc, windows-amd64)
# No core dump will be written. Minidumps are not enabled by default on client versions of Windows
#

---------------  S U M M A R Y ------------

Command Line: --enable-native-access=ALL-UNNAMED -Xmx512m -Xms256m -Dclassworlds.conf=C:\Users\Mc-kevin\.m2\wrapper\dists\apache-maven-3.9.12\59fe215c0ad6947fea90184bf7add084544567b927287592651fda3782e0e798\bin\m2.conf -Dmaven.home=C:\Users\Mc-kevin\.m2\wrapper\dists\apache-maven-3.9.12\59fe215c0ad6947fea90184bf7add084544567b927287592651fda3782e0e798 -Dlibrary.jansi.path=C:\Users\Mc-kevin\.m2\wrapper\dists\apache-maven-3.9.12\59fe215c0ad6947fea90184bf7add084544567b927287592651fda3782e0e798\lib\jansi-native -Dmaven.multiModuleProjectDirectory=C:\Users\Mc-kevin\Desktop\BC03_EC01\TaskManager org.codehaus.plexus.classworlds.launcher.Launcher spotless:apply

Host: AMD Ryzen 3 3250U with Radeon Graphics         , 4 cores, 5G,  Windows 11 , 64 bit Build 22621 (10.0.22621.3958)
Time: Sat Mar  7 19:29:42 2026 Pacific Standard Time elapsed time: 21.855571 seconds (0d 0h 0m 21s)

---------------  T H R E A D  ---------------

Current thread (0x000001d69c51b460):  JavaThread "C2 CompilerThread0" daemon [_thread_in_native, id=17372, stack(0x00000032eb500000,0x00000032eb600000) (1024K)]


Current CompileTask:
C2:21855 5546       4       java.text.DecimalFormat::subformatNumber (1253 bytes)

Stack: [0x00000032eb500000,0x00000032eb600000]
Native frames: (J=compiled Java code, j=interpreted, Vv=VM code, C=native code)
V  [jvm.dll+0x730829]  (no source info available)
V  [jvm.dll+0x8d9da3]  (no source info available)
V  [jvm.dll+0x8dc28d]  (no source info available)
V  [jvm.dll+0x8dc903]  (no source info available)
V  [jvm.dll+0x2a9f56]  (no source info available)
V  [jvm.dll+0xced7f]  (no source info available)
V  [jvm.dll+0xcefdf]  (no source info available)
V  [jvm.dll+0x320111]  (no source info available)
V  [jvm.dll+0x64bc18]  (no source info available)
V  [jvm.dll+0x2781f4]  (no source info available)
V  [jvm.dll+0x270ec8]  (no source info available)
V  [jvm.dll+0x26e802]  (no source info available)
V  [jvm.dll+0x1e9c90]  (no source info available)
V  [jvm.dll+0x27e0cb]  (no source info available)
V  [jvm.dll+0x27c36a]  (no source info available)
V  [jvm.dll+0x42f396]  (no source info available)
V  [jvm.dll+0x87d9eb]  (no source info available)
V  [jvm.dll+0x72ef45]  (no source info available)
C  [ucrtbase.dll+0x29333]  (no source info available)
C  [KERNEL32.DLL+0x1257d]  (no source info available)
C  [ntdll.dll+0x5af08]  (no source info available)

Lock stack of current Java thread (top to bottom):


---------------  P R O C E S S  ---------------

Threads class SMR info:
_java_thread_list=0x000001d6e32bad80, length=17, elements={
0x000001d6ffb02190, 0x000001d69c513d10, 0x000001d69c516ac0, 0x000001d69c517be0,
0x000001d69c518a60, 0x000001d69c519590, 0x000001d69c51a4d0, 0x000001d69c51b460,
0x000001d69c548070, 0x000001d69c6593b0, 0x000001d69c65bf70, 0x000001d6e2aed2b0,
0x000001d69c5fd820, 0x000001d69c5fd0d0, 0x000001d6e30134a0, 0x000001d6e3011760,
0x000001d6e3012600
}

Java Threads: ( => current thread )
  0x000001d6ffb02190 JavaThread "main"                              [_thread_blocked, id=2208, stack(0x00000032ea700000,0x00000032ea800000) (1024K)]
  0x000001d69c513d10 JavaThread "Reference Handler"          daemon [_thread_blocked, id=18040, stack(0x00000032eaf00000,0x00000032eb000000) (1024K)]
  0x000001d69c516ac0 JavaThread "Finalizer"                  daemon [_thread_blocked, id=4072, stack(0x00000032eb000000,0x00000032eb100000) (1024K)]
  0x000001d69c517be0 JavaThread "Signal Dispatcher"          daemon [_thread_blocked, id=25844, stack(0x00000032eb100000,0x00000032eb200000) (1024K)]
  0x000001d69c518a60 JavaThread "Attach Listener"            daemon [_thread_blocked, id=4824, stack(0x00000032eb200000,0x00000032eb300000) (1024K)]
  0x000001d69c519590 JavaThread "Service Thread"             daemon [_thread_blocked, id=6732, stack(0x00000032eb300000,0x00000032eb400000) (1024K)]
  0x000001d69c51a4d0 JavaThread "Monitor Deflation Thread"   daemon [_thread_blocked, id=19540, stack(0x00000032eb400000,0x00000032eb500000) (1024K)]
=>0x000001d69c51b460 JavaThread "C2 CompilerThread0"         daemon [_thread_in_native, id=17372, stack(0x00000032eb500000,0x00000032eb600000) (1024K)]
  0x000001d69c548070 JavaThread "C1 CompilerThread0"         daemon [_thread_blocked, id=14960, stack(0x00000032eb600000,0x00000032eb700000) (1024K)]
  0x000001d69c6593b0 JavaThread "Notification Thread"        daemon [_thread_blocked, id=26564, stack(0x00000032eb700000,0x00000032eb800000) (1024K)]
  0x000001d69c65bf70 JavaThread "Common-Cleaner"             daemon [_thread_blocked, id=15952, stack(0x00000032eb800000,0x00000032eb900000) (1024K)]
  0x000001d6e2aed2b0 JavaThread "Thread-1"                   daemon [_thread_blocked, id=556, stack(0x00000032ebc00000,0x00000032ebd00000) (1024K)]
  0x000001d69c5fd820 JavaThread "BasicRepositoryConnector-repo.maven.apache.org-1-0" daemon [_thread_in_native, id=25648, stack(0x00000032ebe00000,0x00000032ebf00000) (1024K)]
  0x000001d69c5fd0d0 JavaThread "BasicRepositoryConnector-repo.maven.apache.org-1-1" daemon [_thread_in_native, id=20924, stack(0x00000032ebf00000,0x00000032ec000000) (1024K)]
  0x000001d6e30134a0 JavaThread "BasicRepositoryConnector-repo.maven.apache.org-1-2" daemon [_thread_in_native, id=17864, stack(0x00000032ec000000,0x00000032ec100000) (1024K)]
  0x000001d6e3011760 JavaThread "BasicRepositoryConnector-repo.maven.apache.org-1-3" daemon [_thread_in_native, id=24404, stack(0x00000032ec100000,0x00000032ec200000) (1024K)]
  0x000001d6e3012600 JavaThread "BasicRepositoryConnector-repo.maven.apache.org-1-4" daemon [_thread_in_native, id=25864, stack(0x00000032ec200000,0x00000032ec300000) (1024K)]
Total: 17

Other Threads:
  0x000001d69c5024a0 VMThread "VM Thread"                           [id=17456, stack(0x00000032eae00000,0x00000032eaf00000) (1024K)]
  0x000001d69c4f3400 WatcherThread "VM Periodic Task Thread"        [id=16572, stack(0x00000032ead00000,0x00000032eae00000) (1024K)]
  0x000001d681d8bbd0 WorkerThread "GC Thread#0"                     [id=11688, stack(0x00000032ea800000,0x00000032ea900000) (1024K)]
  0x000001d6e286b420 WorkerThread "GC Thread#1"                     [id=25980, stack(0x00000032eb900000,0x00000032eba00000) (1024K)]
  0x000001d6e286b7d0 WorkerThread "GC Thread#2"                     [id=25836, stack(0x00000032eba00000,0x00000032ebb00000) (1024K)]
  0x000001d6e286bb80 WorkerThread "GC Thread#3"                     [id=16224, stack(0x00000032ebb00000,0x00000032ebc00000) (1024K)]
  0x000001d681d92c30 ConcurrentGCThread "G1 Main Marker"            [id=20728, stack(0x00000032ea900000,0x00000032eaa00000) (1024K)]
  0x000001d681d938c0 WorkerThread "G1 Conc#0"                       [id=25872, stack(0x00000032eaa00000,0x00000032eab00000) (1024K)]
  0x000001d681e1e9e0 ConcurrentGCThread "G1 Refine#0"               [id=19812, stack(0x00000032eab00000,0x00000032eac00000) (1024K)]
  0x000001d69c3c8810 ConcurrentGCThread "G1 Service"                [id=7180, stack(0x00000032eac00000,0x00000032ead00000) (1024K)]
Total: 10

Threads with active compile tasks:
C2 CompilerThread0  22009 5546       4       java.text.DecimalFormat::subformatNumber (1253 bytes)
Total: 1

VM state: not at safepoint (normal execution)

VM Mutex/Monitor currently owned by a thread: None

Heap address: 0x00000000e0000000, size: 512 MB, Compressed Oops mode: 32-bit

CDS archive(s) mapped at: [0x000001d69d000000-0x000001d69dd40000-0x000001d69dd40000), size 13893632, SharedBaseAddress: 0x000001d69d000000, ArchiveRelocationMode: 1.
Compressed class space mapped at: 0x000001d69e000000-0x000001d6de000000, reserved size: 1073741824
UseCompressedClassPointers 1, UseCompactObjectHeaders 0
Narrow klass pointer bits 32, Max shift 3
Narrow klass base: 0x000001d69d000000, Narrow klass shift: 0
Encoding Range: [0x000001d69d000000 - 0x000001d79d000000), (4294967296 bytes)
Klass Range:    [0x000001d69d000000 - 0x000001d6de000000), (1090519040 bytes)
Klass ID Range:  [8 - 1090519033) (1090519025)

GC Precious Log:
 CardTable entry size: 512
 Card Set container configuration: InlinePtr #cards 5 size 8 Array Of Cards #cards 10 size 36 Howl #buckets 4 coarsen threshold 1843 Howl Bitmap #cards 512 size 80 coarsen threshold 460 Card regions per heap region 1 cards per card region 2048
 CPUs: 4 total, 4 available
 Memory: 6023M
 Large Page Support: Disabled
 NUMA Support: Disabled
 Compressed Oops: Enabled (32-bit)
 Heap Region Size: 1M
 Heap Min Capacity: 256M
 Heap Initial Capacity: 256M
 Heap Max Capacity: 512M
 Pre-touch: Disabled
 Parallel Workers: 4
 Concurrent Workers: 1
 Concurrent Refinement Workers: 4
 Periodic GC: Disabled

Heap:
 garbage-first heap   total reserved 524288K, committed 262144K, used 57591K [0x00000000e0000000, 0x0000000100000000)
  region size 1024K, 58 young (59392K), 14 survivors (14336K)
 Metaspace       used 24227K, committed 24512K, reserved 1114112K
  class space    used 2380K, committed 2496K, reserved 1048576K

Heap Regions: E=young(eden), S=young(survivor), O=old, HS=humongous(starts), HC=humongous(continues), CS=collection set, F=free, TAMS=top-at-mark-start, PB=parsable bottom
|   0|0x00000000e0000000, 0x00000000e0000000, 0x00000000e0100000|  0%| F|  |TAMS 0x00000000e0000000| PB 0x00000000e0000000| Untracked |  0
|   1|0x00000000e0100000, 0x00000000e0100000, 0x00000000e0200000|  0%| F|  |TAMS 0x00000000e0100000| PB 0x00000000e0100000| Untracked |  0
|   2|0x00000000e0200000, 0x00000000e0200000, 0x00000000e0300000|  0%| F|  |TAMS 0x00000000e0200000| PB 0x00000000e0200000| Untracked |  0
|   3|0x00000000e0300000, 0x00000000e0300000, 0x00000000e0400000|  0%| F|  |TAMS 0x00000000e0300000| PB 0x00000000e0300000| Untracked |  0
|   4|0x00000000e0400000, 0x00000000e0400000, 0x00000000e0500000|  0%| F|  |TAMS 0x00000000e0400000| PB 0x00000000e0400000| Untracked |  0
|   5|0x00000000e0500000, 0x00000000e0500000, 0x00000000e0600000|  0%| F|  |TAMS 0x00000000e0500000| PB 0x00000000e0500000| Untracked |  0
|   6|0x00000000e0600000, 0x00000000e0600000, 0x00000000e0700000|  0%| F|  |TAMS 0x00000000e0600000| PB 0x00000000e0600000| Untracked |  0
|   7|0x00000000e0700000, 0x00000000e0700000, 0x00000000e0800000|  0%| F|  |TAMS 0x00000000e0700000| PB 0x00000000e0700000| Untracked |  0
|   8|0x00000000e0800000, 0x00000000e0800000, 0x00000000e0900000|  0%| F|  |TAMS 0x00000000e0800000| PB 0x00000000e0800000| Untracked |  0
|   9|0x00000000e0900000, 0x00000000e0900000, 0x00000000e0a00000|  0%| F|  |TAMS 0x00000000e0900000| PB 0x00000000e0900000| Untracked |  0
|  10|0x00000000e0a00000, 0x00000000e0a00000, 0x00000000e0b00000|  0%| F|  |TAMS 0x00000000e0a00000| PB 0x00000000e0a00000| Untracked |  0
|  11|0x00000000e0b00000, 0x00000000e0b00000, 0x00000000e0c00000|  0%| F|  |TAMS 0x00000000e0b00000| PB 0x00000000e0b00000| Untracked |  0
|  12|0x00000000e0c00000, 0x00000000e0c00000, 0x00000000e0d00000|  0%| F|  |TAMS 0x00000000e0c00000| PB 0x00000000e0c00000| Untracked |  0
|  13|0x00000000e0d00000, 0x00000000e0d00000, 0x00000000e0e00000|  0%| F|  |TAMS 0x00000000e0d00000| PB 0x00000000e0d00000| Untracked |  0
|  14|0x00000000e0e00000, 0x00000000e0e00000, 0x00000000e0f00000|  0%| F|  |TAMS 0x00000000e0e00000| PB 0x00000000e0e00000| Untracked |  0
|  15|0x00000000e0f00000, 0x00000000e0f00000, 0x00000000e1000000|  0%| F|  |TAMS 0x00000000e0f00000| PB 0x00000000e0f00000| Untracked |  0
|  16|0x00000000e1000000, 0x00000000e1000000, 0x00000000e1100000|  0%| F|  |TAMS 0x00000000e1000000| PB 0x00000000e1000000| Untracked |  0
|  17|0x00000000e1100000, 0x00000000e1100000, 0x00000000e1200000|  0%| F|  |TAMS 0x00000000e1100000| PB 0x00000000e1100000| Untracked |  0
|  18|0x00000000e1200000, 0x00000000e1200000, 0x00000000e1300000|  0%| F|  |TAMS 0x00000000e1200000| PB 0x00000000e1200000| Untracked |  0
|  19|0x00000000e1300000, 0x00000000e1300000, 0x00000000e1400000|  0%| F|  |TAMS 0x00000000e1300000| PB 0x00000000e1300000| Untracked |  0
|  20|0x00000000e1400000, 0x00000000e1400000, 0x00000000e1500000|  0%| F|  |TAMS 0x00000000e1400000| PB 0x00000000e1400000| Untracked |  0
|  21|0x00000000e1500000, 0x00000000e1500000, 0x00000000e1600000|  0%| F|  |TAMS 0x00000000e1500000| PB 0x00000000e1500000| Untracked |  0
|  22|0x00000000e1600000, 0x00000000e1600000, 0x00000000e1700000|  0%| F|  |TAMS 0x00000000e1600000| PB 0x00000000e1600000| Untracked |  0
|  23|0x00000000e1700000, 0x00000000e1700000, 0x00000000e1800000|  0%| F|  |TAMS 0x00000000e1700000| PB 0x00000000e1700000| Untracked |  0
|  24|0x00000000e1800000, 0x00000000e1800000, 0x00000000e1900000|  0%| F|  |TAMS 0x00000000e1800000| PB 0x00000000e1800000| Untracked |  0
|  25|0x00000000e1900000, 0x00000000e1900000, 0x00000000e1a00000|  0%| F|  |TAMS 0x00000000e1900000| PB 0x00000000e1900000| Untracked |  0
|  26|0x00000000e1a00000, 0x00000000e1a00000, 0x00000000e1b00000|  0%| F|  |TAMS 0x00000000e1a00000| PB 0x00000000e1a00000| Untracked |  0
|  27|0x00000000e1b00000, 0x00000000e1b00000, 0x00000000e1c00000|  0%| F|  |TAMS 0x00000000e1b00000| PB 0x00000000e1b00000| Untracked |  0
|  28|0x00000000e1c00000, 0x00000000e1c00000, 0x00000000e1d00000|  0%| F|  |TAMS 0x00000000e1c00000| PB 0x00000000e1c00000| Untracked |  0
|  29|0x00000000e1d00000, 0x00000000e1d00000, 0x00000000e1e00000|  0%| F|  |TAMS 0x00000000e1d00000| PB 0x00000000e1d00000| Untracked |  0
|  30|0x00000000e1e00000, 0x00000000e1e00000, 0x00000000e1f00000|  0%| F|  |TAMS 0x00000000e1e00000| PB 0x00000000e1e00000| Untracked |  0
|  31|0x00000000e1f00000, 0x00000000e1f00000, 0x00000000e2000000|  0%| F|  |TAMS 0x00000000e1f00000| PB 0x00000000e1f00000| Untracked |  0
|  32|0x00000000e2000000, 0x00000000e2000000, 0x00000000e2100000|  0%| F|  |TAMS 0x00000000e2000000| PB 0x00000000e2000000| Untracked |  0
|  33|0x00000000e2100000, 0x00000000e2100000, 0x00000000e2200000|  0%| F|  |TAMS 0x00000000e2100000| PB 0x00000000e2100000| Untracked |  0
|  34|0x00000000e2200000, 0x00000000e2200000, 0x00000000e2300000|  0%| F|  |TAMS 0x00000000e2200000| PB 0x00000000e2200000| Untracked |  0
|  35|0x00000000e2300000, 0x00000000e2300000, 0x00000000e2400000|  0%| F|  |TAMS 0x00000000e2300000| PB 0x00000000e2300000| Untracked |  0
|  36|0x00000000e2400000, 0x00000000e2400000, 0x00000000e2500000|  0%| F|  |TAMS 0x00000000e2400000| PB 0x00000000e2400000| Untracked |  0
|  37|0x00000000e2500000, 0x00000000e2500000, 0x00000000e2600000|  0%| F|  |TAMS 0x00000000e2500000| PB 0x00000000e2500000| Untracked |  0
|  38|0x00000000e2600000, 0x00000000e2600000, 0x00000000e2700000|  0%| F|  |TAMS 0x00000000e2600000| PB 0x00000000e2600000| Untracked |  0
|  39|0x00000000e2700000, 0x00000000e2700000, 0x00000000e2800000|  0%| F|  |TAMS 0x00000000e2700000| PB 0x00000000e2700000| Untracked |  0
|  40|0x00000000e2800000, 0x00000000e2800000, 0x00000000e2900000|  0%| F|  |TAMS 0x00000000e2800000| PB 0x00000000e2800000| Untracked |  0
|  41|0x00000000e2900000, 0x00000000e2900000, 0x00000000e2a00000|  0%| F|  |TAMS 0x00000000e2900000| PB 0x00000000e2900000| Untracked |  0
|  42|0x00000000e2a00000, 0x00000000e2a00000, 0x00000000e2b00000|  0%| F|  |TAMS 0x00000000e2a00000| PB 0x00000000e2a00000| Untracked |  0
|  43|0x00000000e2b00000, 0x00000000e2b00000, 0x00000000e2c00000|  0%| F|  |TAMS 0x00000000e2b00000| PB 0x00000000e2b00000| Untracked |  0
|  44|0x00000000e2c00000, 0x00000000e2c00000, 0x00000000e2d00000|  0%| F|  |TAMS 0x00000000e2c00000| PB 0x00000000e2c00000| Untracked |  0
|  45|0x00000000e2d00000, 0x00000000e2d00000, 0x00000000e2e00000|  0%| F|  |TAMS 0x00000000e2d00000| PB 0x00000000e2d00000| Untracked |  0
|  46|0x00000000e2e00000, 0x00000000e2e00000, 0x00000000e2f00000|  0%| F|  |TAMS 0x00000000e2e00000| PB 0x00000000e2e00000| Untracked |  0
|  47|0x00000000e2f00000, 0x00000000e2f00000, 0x00000000e3000000|  0%| F|  |TAMS 0x00000000e2f00000| PB 0x00000000e2f00000| Untracked |  0
|  48|0x00000000e3000000, 0x00000000e3000000, 0x00000000e3100000|  0%| F|  |TAMS 0x00000000e3000000| PB 0x00000000e3000000| Untracked |  0
|  49|0x00000000e3100000, 0x00000000e3100000, 0x00000000e3200000|  0%| F|  |TAMS 0x00000000e3100000| PB 0x00000000e3100000| Untracked |  0
|  50|0x00000000e3200000, 0x00000000e3200000, 0x00000000e3300000|  0%| F|  |TAMS 0x00000000e3200000| PB 0x00000000e3200000| Untracked |  0
|  51|0x00000000e3300000, 0x00000000e3300000, 0x00000000e3400000|  0%| F|  |TAMS 0x00000000e3300000| PB 0x00000000e3300000| Untracked |  0
|  52|0x00000000e3400000, 0x00000000e3400000, 0x00000000e3500000|  0%| F|  |TAMS 0x00000000e3400000| PB 0x00000000e3400000| Untracked |  0
|  53|0x00000000e3500000, 0x00000000e3500000, 0x00000000e3600000|  0%| F|  |TAMS 0x00000000e3500000| PB 0x00000000e3500000| Untracked |  0
|  54|0x00000000e3600000, 0x00000000e3600000, 0x00000000e3700000|  0%| F|  |TAMS 0x00000000e3600000| PB 0x00000000e3600000| Untracked |  0
|  55|0x00000000e3700000, 0x00000000e3700000, 0x00000000e3800000|  0%| F|  |TAMS 0x00000000e3700000| PB 0x00000000e3700000| Untracked |  0
|  56|0x00000000e3800000, 0x00000000e3800000, 0x00000000e3900000|  0%| F|  |TAMS 0x00000000e3800000| PB 0x00000000e3800000| Untracked |  0
|  57|0x00000000e3900000, 0x00000000e3900000, 0x00000000e3a00000|  0%| F|  |TAMS 0x00000000e3900000| PB 0x00000000e3900000| Untracked |  0
|  58|0x00000000e3a00000, 0x00000000e3a00000, 0x00000000e3b00000|  0%| F|  |TAMS 0x00000000e3a00000| PB 0x00000000e3a00000| Untracked |  0
|  59|0x00000000e3b00000, 0x00000000e3b00000, 0x00000000e3c00000|  0%| F|  |TAMS 0x00000000e3b00000| PB 0x00000000e3b00000| Untracked |  0
|  60|0x00000000e3c00000, 0x00000000e3c00000, 0x00000000e3d00000|  0%| F|  |TAMS 0x00000000e3c00000| PB 0x00000000e3c00000| Untracked |  0
|  61|0x00000000e3d00000, 0x00000000e3d00000, 0x00000000e3e00000|  0%| F|  |TAMS 0x00000000e3d00000| PB 0x00000000e3d00000| Untracked |  0
|  62|0x00000000e3e00000, 0x00000000e3e00000, 0x00000000e3f00000|  0%| F|  |TAMS 0x00000000e3e00000| PB 0x00000000e3e00000| Untracked |  0
|  63|0x00000000e3f00000, 0x00000000e3f00000, 0x00000000e4000000|  0%| F|  |TAMS 0x00000000e3f00000| PB 0x00000000e3f00000| Untracked |  0
|  64|0x00000000e4000000, 0x00000000e4000000, 0x00000000e4100000|  0%| F|  |TAMS 0x00000000e4000000| PB 0x00000000e4000000| Untracked |  0
|  65|0x00000000e4100000, 0x00000000e4100000, 0x00000000e4200000|  0%| F|  |TAMS 0x00000000e4100000| PB 0x00000000e4100000| Untracked |  0
|  66|0x00000000e4200000, 0x00000000e4200000, 0x00000000e4300000|  0%| F|  |TAMS 0x00000000e4200000| PB 0x00000000e4200000| Untracked |  0
|  67|0x00000000e4300000, 0x00000000e4300000, 0x00000000e4400000|  0%| F|  |TAMS 0x00000000e4300000| PB 0x00000000e4300000| Untracked |  0
|  68|0x00000000e4400000, 0x00000000e4400000, 0x00000000e4500000|  0%| F|  |TAMS 0x00000000e4400000| PB 0x00000000e4400000| Untracked |  0
|  69|0x00000000e4500000, 0x00000000e4500000, 0x00000000e4600000|  0%| F|  |TAMS 0x00000000e4500000| PB 0x00000000e4500000| Untracked |  0
|  70|0x00000000e4600000, 0x00000000e4600000, 0x00000000e4700000|  0%| F|  |TAMS 0x00000000e4600000| PB 0x00000000e4600000| Untracked |  0
|  71|0x00000000e4700000, 0x00000000e4700000, 0x00000000e4800000|  0%| F|  |TAMS 0x00000000e4700000| PB 0x00000000e4700000| Untracked |  0
|  72|0x00000000e4800000, 0x00000000e4800000, 0x00000000e4900000|  0%| F|  |TAMS 0x00000000e4800000| PB 0x00000000e4800000| Untracked |  0
|  73|0x00000000e4900000, 0x00000000e4900000, 0x00000000e4a00000|  0%| F|  |TAMS 0x00000000e4900000| PB 0x00000000e4900000| Untracked |  0
|  74|0x00000000e4a00000, 0x00000000e4a00000, 0x00000000e4b00000|  0%| F|  |TAMS 0x00000000e4a00000| PB 0x00000000e4a00000| Untracked |  0
|  75|0x00000000e4b00000, 0x00000000e4b00000, 0x00000000e4c00000|  0%| F|  |TAMS 0x00000000e4b00000| PB 0x00000000e4b00000| Untracked |  0
|  76|0x00000000e4c00000, 0x00000000e4c00000, 0x00000000e4d00000|  0%| F|  |TAMS 0x00000000e4c00000| PB 0x00000000e4c00000| Untracked |  0
|  77|0x00000000e4d00000, 0x00000000e4d00000, 0x00000000e4e00000|  0%| F|  |TAMS 0x00000000e4d00000| PB 0x00000000e4d00000| Untracked |  0
|  78|0x00000000e4e00000, 0x00000000e4e00000, 0x00000000e4f00000|  0%| F|  |TAMS 0x00000000e4e00000| PB 0x00000000e4e00000| Untracked |  0
|  79|0x00000000e4f00000, 0x00000000e4f00000, 0x00000000e5000000|  0%| F|  |TAMS 0x00000000e4f00000| PB 0x00000000e4f00000| Untracked |  0
|  80|0x00000000e5000000, 0x00000000e5000000, 0x00000000e5100000|  0%| F|  |TAMS 0x00000000e5000000| PB 0x00000000e5000000| Untracked |  0
|  81|0x00000000e5100000, 0x00000000e5100000, 0x00000000e5200000|  0%| F|  |TAMS 0x00000000e5100000| PB 0x00000000e5100000| Untracked |  0
|  82|0x00000000e5200000, 0x00000000e5200000, 0x00000000e5300000|  0%| F|  |TAMS 0x00000000e5200000| PB 0x00000000e5200000| Untracked |  0
|  83|0x00000000e5300000, 0x00000000e5300000, 0x00000000e5400000|  0%| F|  |TAMS 0x00000000e5300000| PB 0x00000000e5300000| Untracked |  0
|  84|0x00000000e5400000, 0x00000000e5400000, 0x00000000e5500000|  0%| F|  |TAMS 0x00000000e5400000| PB 0x00000000e5400000| Untracked |  0
|  85|0x00000000e5500000, 0x00000000e5500000, 0x00000000e5600000|  0%| F|  |TAMS 0x00000000e5500000| PB 0x00000000e5500000| Untracked |  0
|  86|0x00000000e5600000, 0x00000000e5600000, 0x00000000e5700000|  0%| F|  |TAMS 0x00000000e5600000| PB 0x00000000e5600000| Untracked |  0
|  87|0x00000000e5700000, 0x00000000e5700000, 0x00000000e5800000|  0%| F|  |TAMS 0x00000000e5700000| PB 0x00000000e5700000| Untracked |  0
|  88|0x00000000e5800000, 0x00000000e5800000, 0x00000000e5900000|  0%| F|  |TAMS 0x00000000e5800000| PB 0x00000000e5800000| Untracked |  0
|  89|0x00000000e5900000, 0x00000000e5900000, 0x00000000e5a00000|  0%| F|  |TAMS 0x00000000e5900000| PB 0x00000000e5900000| Untracked |  0
|  90|0x00000000e5a00000, 0x00000000e5a00000, 0x00000000e5b00000|  0%| F|  |TAMS 0x00000000e5a00000| PB 0x00000000e5a00000| Untracked |  0
|  91|0x00000000e5b00000, 0x00000000e5b00000, 0x00000000e5c00000|  0%| F|  |TAMS 0x00000000e5b00000| PB 0x00000000e5b00000| Untracked |  0
|  92|0x00000000e5c00000, 0x00000000e5c00000, 0x00000000e5d00000|  0%| F|  |TAMS 0x00000000e5c00000| PB 0x00000000e5c00000| Untracked |  0
|  93|0x00000000e5d00000, 0x00000000e5d00000, 0x00000000e5e00000|  0%| F|  |TAMS 0x00000000e5d00000| PB 0x00000000e5d00000| Untracked |  0
|  94|0x00000000e5e00000, 0x00000000e5e00000, 0x00000000e5f00000|  0%| F|  |TAMS 0x00000000e5e00000| PB 0x00000000e5e00000| Untracked |  0
|  95|0x00000000e5f00000, 0x00000000e5f00000, 0x00000000e6000000|  0%| F|  |TAMS 0x00000000e5f00000| PB 0x00000000e5f00000| Untracked |  0
|  96|0x00000000e6000000, 0x00000000e6000000, 0x00000000e6100000|  0%| F|  |TAMS 0x00000000e6000000| PB 0x00000000e6000000| Untracked |  0
|  97|0x00000000e6100000, 0x00000000e6100000, 0x00000000e6200000|  0%| F|  |TAMS 0x00000000e6100000| PB 0x00000000e6100000| Untracked |  0
|  98|0x00000000e6200000, 0x00000000e6200000, 0x00000000e6300000|  0%| F|  |TAMS 0x00000000e6200000| PB 0x00000000e6200000| Untracked |  0
|  99|0x00000000e6300000, 0x00000000e6300000, 0x00000000e6400000|  0%| F|  |TAMS 0x00000000e6300000| PB 0x00000000e6300000| Untracked |  0
| 100|0x00000000e6400000, 0x00000000e6400000, 0x00000000e6500000|  0%| F|  |TAMS 0x00000000e6400000| PB 0x00000000e6400000| Untracked |  0
| 101|0x00000000e6500000, 0x00000000e6500000, 0x00000000e6600000|  0%| F|  |TAMS 0x00000000e6500000| PB 0x00000000e6500000| Untracked |  0
| 102|0x00000000e6600000, 0x00000000e6600000, 0x00000000e6700000|  0%| F|  |TAMS 0x00000000e6600000| PB 0x00000000e6600000| Untracked |  0
| 103|0x00000000e6700000, 0x00000000e6700000, 0x00000000e6800000|  0%| F|  |TAMS 0x00000000e6700000| PB 0x00000000e6700000| Untracked |  0
| 104|0x00000000e6800000, 0x00000000e6800000, 0x00000000e6900000|  0%| F|  |TAMS 0x00000000e6800000| PB 0x00000000e6800000| Untracked |  0
| 105|0x00000000e6900000, 0x00000000e6900000, 0x00000000e6a00000|  0%| F|  |TAMS 0x00000000e6900000| PB 0x00000000e6900000| Untracked |  0
| 106|0x00000000e6a00000, 0x00000000e6a00000, 0x00000000e6b00000|  0%| F|  |TAMS 0x00000000e6a00000| PB 0x00000000e6a00000| Untracked |  0
| 107|0x00000000e6b00000, 0x00000000e6b00000, 0x00000000e6c00000|  0%| F|  |TAMS 0x00000000e6b00000| PB 0x00000000e6b00000| Untracked |  0
| 108|0x00000000e6c00000, 0x00000000e6c00000, 0x00000000e6d00000|  0%| F|  |TAMS 0x00000000e6c00000| PB 0x00000000e6c00000| Untracked |  0
| 109|0x00000000e6d00000, 0x00000000e6d00000, 0x00000000e6e00000|  0%| F|  |TAMS 0x00000000e6d00000| PB 0x00000000e6d00000| Untracked |  0
| 110|0x00000000e6e00000, 0x00000000e6e00000, 0x00000000e6f00000|  0%| F|  |TAMS 0x00000000e6e00000| PB 0x00000000e6e00000| Untracked |  0
| 111|0x00000000e6f00000, 0x00000000e6f00000, 0x00000000e7000000|  0%| F|  |TAMS 0x00000000e6f00000| PB 0x00000000e6f00000| Untracked |  0
| 112|0x00000000e7000000, 0x00000000e7000000, 0x00000000e7100000|  0%| F|  |TAMS 0x00000000e7000000| PB 0x00000000e7000000| Untracked |  0
| 113|0x00000000e7100000, 0x00000000e7100000, 0x00000000e7200000|  0%| F|  |TAMS 0x00000000e7100000| PB 0x00000000e7100000| Untracked |  0
| 114|0x00000000e7200000, 0x00000000e7200000, 0x00000000e7300000|  0%| F|  |TAMS 0x00000000e7200000| PB 0x00000000e7200000| Untracked |  0
| 115|0x00000000e7300000, 0x00000000e7300000, 0x00000000e7400000|  0%| F|  |TAMS 0x00000000e7300000| PB 0x00000000e7300000| Untracked |  0
| 116|0x00000000e7400000, 0x00000000e7400000, 0x00000000e7500000|  0%| F|  |TAMS 0x00000000e7400000| PB 0x00000000e7400000| Untracked |  0
| 117|0x00000000e7500000, 0x00000000e7500000, 0x00000000e7600000|  0%| F|  |TAMS 0x00000000e7500000| PB 0x00000000e7500000| Untracked |  0
| 118|0x00000000e7600000, 0x00000000e7600000, 0x00000000e7700000|  0%| F|  |TAMS 0x00000000e7600000| PB 0x00000000e7600000| Untracked |  0
| 119|0x00000000e7700000, 0x00000000e7700000, 0x00000000e7800000|  0%| F|  |TAMS 0x00000000e7700000| PB 0x00000000e7700000| Untracked |  0
| 120|0x00000000e7800000, 0x00000000e7800000, 0x00000000e7900000|  0%| F|  |TAMS 0x00000000e7800000| PB 0x00000000e7800000| Untracked |  0
| 121|0x00000000e7900000, 0x00000000e7900000, 0x00000000e7a00000|  0%| F|  |TAMS 0x00000000e7900000| PB 0x00000000e7900000| Untracked |  0
| 122|0x00000000e7a00000, 0x00000000e7a00000, 0x00000000e7b00000|  0%| F|  |TAMS 0x00000000e7a00000| PB 0x00000000e7a00000| Untracked |  0
| 123|0x00000000e7b00000, 0x00000000e7b00000, 0x00000000e7c00000|  0%| F|  |TAMS 0x00000000e7b00000| PB 0x00000000e7b00000| Untracked |  0
| 124|0x00000000e7c00000, 0x00000000e7c00000, 0x00000000e7d00000|  0%| F|  |TAMS 0x00000000e7c00000| PB 0x00000000e7c00000| Untracked |  0
| 125|0x00000000e7d00000, 0x00000000e7d00000, 0x00000000e7e00000|  0%| F|  |TAMS 0x00000000e7d00000| PB 0x00000000e7d00000| Untracked |  0
| 126|0x00000000e7e00000, 0x00000000e7e00000, 0x00000000e7f00000|  0%| F|  |TAMS 0x00000000e7e00000| PB 0x00000000e7e00000| Untracked |  0
| 127|0x00000000e7f00000, 0x00000000e7f00000, 0x00000000e8000000|  0%| F|  |TAMS 0x00000000e7f00000| PB 0x00000000e7f00000| Untracked |  0
| 128|0x00000000e8000000, 0x00000000e8000000, 0x00000000e8100000|  0%| F|  |TAMS 0x00000000e8000000| PB 0x00000000e8000000| Untracked |  0
| 129|0x00000000e8100000, 0x00000000e8100000, 0x00000000e8200000|  0%| F|  |TAMS 0x00000000e8100000| PB 0x00000000e8100000| Untracked |  0
| 130|0x00000000e8200000, 0x00000000e8200000, 0x00000000e8300000|  0%| F|  |TAMS 0x00000000e8200000| PB 0x00000000e8200000| Untracked |  0
| 131|0x00000000e8300000, 0x00000000e8300000, 0x00000000e8400000|  0%| F|  |TAMS 0x00000000e8300000| PB 0x00000000e8300000| Untracked |  0
| 132|0x00000000e8400000, 0x00000000e8400000, 0x00000000e8500000|  0%| F|  |TAMS 0x00000000e8400000| PB 0x00000000e8400000| Untracked |  0
| 133|0x00000000e8500000, 0x00000000e8500000, 0x00000000e8600000|  0%| F|  |TAMS 0x00000000e8500000| PB 0x00000000e8500000| Untracked |  0
| 134|0x00000000e8600000, 0x00000000e8600000, 0x00000000e8700000|  0%| F|  |TAMS 0x00000000e8600000| PB 0x00000000e8600000| Untracked |  0
| 135|0x00000000e8700000, 0x00000000e8700000, 0x00000000e8800000|  0%| F|  |TAMS 0x00000000e8700000| PB 0x00000000e8700000| Untracked |  0
| 136|0x00000000e8800000, 0x00000000e8800000, 0x00000000e8900000|  0%| F|  |TAMS 0x00000000e8800000| PB 0x00000000e8800000| Untracked |  0
| 137|0x00000000e8900000, 0x00000000e8900000, 0x00000000e8a00000|  0%| F|  |TAMS 0x00000000e8900000| PB 0x00000000e8900000| Untracked |  0
| 138|0x00000000e8a00000, 0x00000000e8a00000, 0x00000000e8b00000|  0%| F|  |TAMS 0x00000000e8a00000| PB 0x00000000e8a00000| Untracked |  0
| 139|0x00000000e8b00000, 0x00000000e8b00000, 0x00000000e8c00000|  0%| F|  |TAMS 0x00000000e8b00000| PB 0x00000000e8b00000| Untracked |  0
| 140|0x00000000e8c00000, 0x00000000e8c00000, 0x00000000e8d00000|  0%| F|  |TAMS 0x00000000e8c00000| PB 0x00000000e8c00000| Untracked |  0
| 141|0x00000000e8d00000, 0x00000000e8d00000, 0x00000000e8e00000|  0%| F|  |TAMS 0x00000000e8d00000| PB 0x00000000e8d00000| Untracked |  0
| 142|0x00000000e8e00000, 0x00000000e8e00000, 0x00000000e8f00000|  0%| F|  |TAMS 0x00000000e8e00000| PB 0x00000000e8e00000| Untracked |  0
| 143|0x00000000e8f00000, 0x00000000e8f00000, 0x00000000e9000000|  0%| F|  |TAMS 0x00000000e8f00000| PB 0x00000000e8f00000| Untracked |  0
| 144|0x00000000e9000000, 0x00000000e9000000, 0x00000000e9100000|  0%| F|  |TAMS 0x00000000e9000000| PB 0x00000000e9000000| Untracked |  0
| 145|0x00000000e9100000, 0x00000000e9100000, 0x00000000e9200000|  0%| F|  |TAMS 0x00000000e9100000| PB 0x00000000e9100000| Untracked |  0
| 146|0x00000000e9200000, 0x00000000e9200000, 0x00000000e9300000|  0%| F|  |TAMS 0x00000000e9200000| PB 0x00000000e9200000| Untracked |  0
| 147|0x00000000e9300000, 0x00000000e9300000, 0x00000000e9400000|  0%| F|  |TAMS 0x00000000e9300000| PB 0x00000000e9300000| Untracked |  0
| 148|0x00000000e9400000, 0x00000000e9400000, 0x00000000e9500000|  0%| F|  |TAMS 0x00000000e9400000| PB 0x00000000e9400000| Untracked |  0
| 149|0x00000000e9500000, 0x00000000e9500000, 0x00000000e9600000|  0%| F|  |TAMS 0x00000000e9500000| PB 0x00000000e9500000| Untracked |  0
| 150|0x00000000e9600000, 0x00000000e9600000, 0x00000000e9700000|  0%| F|  |TAMS 0x00000000e9600000| PB 0x00000000e9600000| Untracked |  0
| 151|0x00000000e9700000, 0x00000000e9700000, 0x00000000e9800000|  0%| F|  |TAMS 0x00000000e9700000| PB 0x00000000e9700000| Untracked |  0
| 152|0x00000000e9800000, 0x00000000e9800000, 0x00000000e9900000|  0%| F|  |TAMS 0x00000000e9800000| PB 0x00000000e9800000| Untracked |  0
| 153|0x00000000e9900000, 0x00000000e9900000, 0x00000000e9a00000|  0%| F|  |TAMS 0x00000000e9900000| PB 0x00000000e9900000| Untracked |  0
| 154|0x00000000e9a00000, 0x00000000e9a00000, 0x00000000e9b00000|  0%| F|  |TAMS 0x00000000e9a00000| PB 0x00000000e9a00000| Untracked |  0
| 155|0x00000000e9b00000, 0x00000000e9b00000, 0x00000000e9c00000|  0%| F|  |TAMS 0x00000000e9b00000| PB 0x00000000e9b00000| Untracked |  0
| 156|0x00000000e9c00000, 0x00000000e9c00000, 0x00000000e9d00000|  0%| F|  |TAMS 0x00000000e9c00000| PB 0x00000000e9c00000| Untracked |  0
| 157|0x00000000e9d00000, 0x00000000e9d20d98, 0x00000000e9e00000| 12%| S|CS|TAMS 0x00000000e9d00000| PB 0x00000000e9d00000| Complete |  0
| 158|0x00000000e9e00000, 0x00000000e9f00000, 0x00000000e9f00000|100%| S|CS|TAMS 0x00000000e9e00000| PB 0x00000000e9e00000| Complete |  0
| 159|0x00000000e9f00000, 0x00000000ea000000, 0x00000000ea000000|100%| S|CS|TAMS 0x00000000e9f00000| PB 0x00000000e9f00000| Complete |  0
| 160|0x00000000ea000000, 0x00000000ea100000, 0x00000000ea100000|100%| S|CS|TAMS 0x00000000ea000000| PB 0x00000000ea000000| Complete |  0
| 161|0x00000000ea100000, 0x00000000ea200000, 0x00000000ea200000|100%| S|CS|TAMS 0x00000000ea100000| PB 0x00000000ea100000| Complete |  0
| 162|0x00000000ea200000, 0x00000000ea300000, 0x00000000ea300000|100%| S|CS|TAMS 0x00000000ea200000| PB 0x00000000ea200000| Complete |  0
| 163|0x00000000ea300000, 0x00000000ea400000, 0x00000000ea400000|100%| S|CS|TAMS 0x00000000ea300000| PB 0x00000000ea300000| Complete |  0
| 164|0x00000000ea400000, 0x00000000ea500000, 0x00000000ea500000|100%| S|CS|TAMS 0x00000000ea400000| PB 0x00000000ea400000| Complete |  0
| 165|0x00000000ea500000, 0x00000000ea600000, 0x00000000ea600000|100%| S|CS|TAMS 0x00000000ea500000| PB 0x00000000ea500000| Complete |  0
| 166|0x00000000ea600000, 0x00000000ea700000, 0x00000000ea700000|100%| S|CS|TAMS 0x00000000ea600000| PB 0x00000000ea600000| Complete |  0
| 167|0x00000000ea700000, 0x00000000ea800000, 0x00000000ea800000|100%| S|CS|TAMS 0x00000000ea700000| PB 0x00000000ea700000| Complete |  0
| 168|0x00000000ea800000, 0x00000000ea900000, 0x00000000ea900000|100%| S|CS|TAMS 0x00000000ea800000| PB 0x00000000ea800000| Complete |  0
| 169|0x00000000ea900000, 0x00000000eaa00000, 0x00000000eaa00000|100%| S|CS|TAMS 0x00000000ea900000| PB 0x00000000ea900000| Complete |  0
| 170|0x00000000eaa00000, 0x00000000eab00000, 0x00000000eab00000|100%| S|CS|TAMS 0x00000000eaa00000| PB 0x00000000eaa00000| Complete |  0
| 171|0x00000000eab00000, 0x00000000eab00000, 0x00000000eac00000|  0%| F|  |TAMS 0x00000000eab00000| PB 0x00000000eab00000| Untracked |  0
| 172|0x00000000eac00000, 0x00000000eac00000, 0x00000000ead00000|  0%| F|  |TAMS 0x00000000eac00000| PB 0x00000000eac00000| Untracked |  0
| 173|0x00000000ead00000, 0x00000000ead00000, 0x00000000eae00000|  0%| F|  |TAMS 0x00000000ead00000| PB 0x00000000ead00000| Untracked |  0
| 174|0x00000000eae00000, 0x00000000eae00000, 0x00000000eaf00000|  0%| F|  |TAMS 0x00000000eae00000| PB 0x00000000eae00000| Untracked |  0
| 175|0x00000000eaf00000, 0x00000000eaf00000, 0x00000000eb000000|  0%| F|  |TAMS 0x00000000eaf00000| PB 0x00000000eaf00000| Untracked |  0
| 176|0x00000000eb000000, 0x00000000eb000000, 0x00000000eb100000|  0%| F|  |TAMS 0x00000000eb000000| PB 0x00000000eb000000| Untracked |  0
| 177|0x00000000eb100000, 0x00000000eb100000, 0x00000000eb200000|  0%| F|  |TAMS 0x00000000eb100000| PB 0x00000000eb100000| Untracked |  0
| 178|0x00000000eb200000, 0x00000000eb200000, 0x00000000eb300000|  0%| F|  |TAMS 0x00000000eb200000| PB 0x00000000eb200000| Untracked |  0
| 179|0x00000000eb300000, 0x00000000eb300000, 0x00000000eb400000|  0%| F|  |TAMS 0x00000000eb300000| PB 0x00000000eb300000| Untracked |  0
| 180|0x00000000eb400000, 0x00000000eb400000, 0x00000000eb500000|  0%| F|  |TAMS 0x00000000eb400000| PB 0x00000000eb400000| Untracked |  0
| 181|0x00000000eb500000, 0x00000000eb500000, 0x00000000eb600000|  0%| F|  |TAMS 0x00000000eb500000| PB 0x00000000eb500000| Untracked |  0
| 182|0x00000000eb600000, 0x00000000eb600000, 0x00000000eb700000|  0%| F|  |TAMS 0x00000000eb600000| PB 0x00000000eb600000| Untracked |  0
| 183|0x00000000eb700000, 0x00000000eb700000, 0x00000000eb800000|  0%| F|  |TAMS 0x00000000eb700000| PB 0x00000000eb700000| Untracked |  0
| 184|0x00000000eb800000, 0x00000000eb800000, 0x00000000eb900000|  0%| F|  |TAMS 0x00000000eb800000| PB 0x00000000eb800000| Untracked |  0
| 185|0x00000000eb900000, 0x00000000eb900000, 0x00000000eba00000|  0%| F|  |TAMS 0x00000000eb900000| PB 0x00000000eb900000| Untracked |  0
| 186|0x00000000eba00000, 0x00000000eba00000, 0x00000000ebb00000|  0%| F|  |TAMS 0x00000000eba00000| PB 0x00000000eba00000| Untracked |  0
| 187|0x00000000ebb00000, 0x00000000ebb00000, 0x00000000ebc00000|  0%| F|  |TAMS 0x00000000ebb00000| PB 0x00000000ebb00000| Untracked |  0
| 188|0x00000000ebc00000, 0x00000000ebc00000, 0x00000000ebd00000|  0%| F|  |TAMS 0x00000000ebc00000| PB 0x00000000ebc00000| Untracked |  0
| 189|0x00000000ebd00000, 0x00000000ebd00000, 0x00000000ebe00000|  0%| F|  |TAMS 0x00000000ebd00000| PB 0x00000000ebd00000| Untracked |  0
| 190|0x00000000ebe00000, 0x00000000ebe00000, 0x00000000ebf00000|  0%| F|  |TAMS 0x00000000ebe00000| PB 0x00000000ebe00000| Untracked |  0
| 191|0x00000000ebf00000, 0x00000000ebf00000, 0x00000000ec000000|  0%| F|  |TAMS 0x00000000ebf00000| PB 0x00000000ebf00000| Untracked |  0
| 192|0x00000000ec000000, 0x00000000ec000000, 0x00000000ec100000|  0%| F|  |TAMS 0x00000000ec000000| PB 0x00000000ec000000| Untracked |  0
| 193|0x00000000ec100000, 0x00000000ec100000, 0x00000000ec200000|  0%| F|  |TAMS 0x00000000ec100000| PB 0x00000000ec100000| Untracked |  0
| 194|0x00000000ec200000, 0x00000000ec200000, 0x00000000ec300000|  0%| F|  |TAMS 0x00000000ec200000| PB 0x00000000ec200000| Untracked |  0
| 195|0x00000000ec300000, 0x00000000ec300000, 0x00000000ec400000|  0%| F|  |TAMS 0x00000000ec300000| PB 0x00000000ec300000| Untracked |  0
| 196|0x00000000ec400000, 0x00000000ec400000, 0x00000000ec500000|  0%| F|  |TAMS 0x00000000ec400000| PB 0x00000000ec400000| Untracked |  0
| 197|0x00000000ec500000, 0x00000000ec500000, 0x00000000ec600000|  0%| F|  |TAMS 0x00000000ec500000| PB 0x00000000ec500000| Untracked |  0
| 198|0x00000000ec600000, 0x00000000ec600000, 0x00000000ec700000|  0%| F|  |TAMS 0x00000000ec600000| PB 0x00000000ec600000| Untracked |  0
| 199|0x00000000ec700000, 0x00000000ec700000, 0x00000000ec800000|  0%| F|  |TAMS 0x00000000ec700000| PB 0x00000000ec700000| Untracked |  0
| 200|0x00000000ec800000, 0x00000000ec800000, 0x00000000ec900000|  0%| F|  |TAMS 0x00000000ec800000| PB 0x00000000ec800000| Untracked |  0
| 201|0x00000000ec900000, 0x00000000ec900000, 0x00000000eca00000|  0%| F|  |TAMS 0x00000000ec900000| PB 0x00000000ec900000| Untracked |  0
| 202|0x00000000eca00000, 0x00000000eca00000, 0x00000000ecb00000|  0%| F|  |TAMS 0x00000000eca00000| PB 0x00000000eca00000| Untracked |  0
| 203|0x00000000ecb00000, 0x00000000ecb00000, 0x00000000ecc00000|  0%| F|  |TAMS 0x00000000ecb00000| PB 0x00000000ecb00000| Untracked |  0
| 204|0x00000000ecc00000, 0x00000000ecc00000, 0x00000000ecd00000|  0%| F|  |TAMS 0x00000000ecc00000| PB 0x00000000ecc00000| Untracked |  0
| 205|0x00000000ecd00000, 0x00000000ecd00000, 0x00000000ece00000|  0%| F|  |TAMS 0x00000000ecd00000| PB 0x00000000ecd00000| Untracked |  0
| 206|0x00000000ece00000, 0x00000000ece00000, 0x00000000ecf00000|  0%| F|  |TAMS 0x00000000ece00000| PB 0x00000000ece00000| Untracked |  0
| 207|0x00000000ecf00000, 0x00000000ecf00000, 0x00000000ed000000|  0%| F|  |TAMS 0x00000000ecf00000| PB 0x00000000ecf00000| Untracked |  0
| 208|0x00000000ed000000, 0x00000000ed000000, 0x00000000ed100000|  0%| F|  |TAMS 0x00000000ed000000| PB 0x00000000ed000000| Untracked |  0
| 209|0x00000000ed100000, 0x00000000ed100000, 0x00000000ed200000|  0%| F|  |TAMS 0x00000000ed100000| PB 0x00000000ed100000| Untracked |  0
| 210|0x00000000ed200000, 0x00000000ed23a148, 0x00000000ed300000| 22%| E|  |TAMS 0x00000000ed200000| PB 0x00000000ed200000| Complete |  0
| 211|0x00000000ed300000, 0x00000000ed400000, 0x00000000ed400000|100%| E|CS|TAMS 0x00000000ed300000| PB 0x00000000ed300000| Complete |  0
| 212|0x00000000ed400000, 0x00000000ed500000, 0x00000000ed500000|100%| E|CS|TAMS 0x00000000ed400000| PB 0x00000000ed400000| Complete |  0
| 213|0x00000000ed500000, 0x00000000ed600000, 0x00000000ed600000|100%| E|CS|TAMS 0x00000000ed500000| PB 0x00000000ed500000| Complete |  0
| 214|0x00000000ed600000, 0x00000000ed700000, 0x00000000ed700000|100%| E|CS|TAMS 0x00000000ed600000| PB 0x00000000ed600000| Complete |  0
| 215|0x00000000ed700000, 0x00000000ed800000, 0x00000000ed800000|100%| E|CS|TAMS 0x00000000ed700000| PB 0x00000000ed700000| Complete |  0
| 216|0x00000000ed800000, 0x00000000ed900000, 0x00000000ed900000|100%| E|CS|TAMS 0x00000000ed800000| PB 0x00000000ed800000| Complete |  0
| 217|0x00000000ed900000, 0x00000000eda00000, 0x00000000eda00000|100%| E|CS|TAMS 0x00000000ed900000| PB 0x00000000ed900000| Complete |  0
| 218|0x00000000eda00000, 0x00000000edb00000, 0x00000000edb00000|100%| E|CS|TAMS 0x00000000eda00000| PB 0x00000000eda00000| Complete |  0
| 219|0x00000000edb00000, 0x00000000edc00000, 0x00000000edc00000|100%| E|CS|TAMS 0x00000000edb00000| PB 0x00000000edb00000| Complete |  0
| 220|0x00000000edc00000, 0x00000000edd00000, 0x00000000edd00000|100%| E|CS|TAMS 0x00000000edc00000| PB 0x00000000edc00000| Complete |  0
| 221|0x00000000edd00000, 0x00000000ede00000, 0x00000000ede00000|100%| E|CS|TAMS 0x00000000edd00000| PB 0x00000000edd00000| Complete |  0
| 222|0x00000000ede00000, 0x00000000edf00000, 0x00000000edf00000|100%| E|CS|TAMS 0x00000000ede00000| PB 0x00000000ede00000| Complete |  0
| 223|0x00000000edf00000, 0x00000000ee000000, 0x00000000ee000000|100%| E|CS|TAMS 0x00000000edf00000| PB 0x00000000edf00000| Complete |  0
| 224|0x00000000ee000000, 0x00000000ee100000, 0x00000000ee100000|100%| E|CS|TAMS 0x00000000ee000000| PB 0x00000000ee000000| Complete |  0
| 225|0x00000000ee100000, 0x00000000ee200000, 0x00000000ee200000|100%| E|CS|TAMS 0x00000000ee100000| PB 0x00000000ee100000| Complete |  0
| 226|0x00000000ee200000, 0x00000000ee300000, 0x00000000ee300000|100%| E|CS|TAMS 0x00000000ee200000| PB 0x00000000ee200000| Complete |  0
| 227|0x00000000ee300000, 0x00000000ee400000, 0x00000000ee400000|100%| E|CS|TAMS 0x00000000ee300000| PB 0x00000000ee300000| Complete |  0
| 228|0x00000000ee400000, 0x00000000ee500000, 0x00000000ee500000|100%| E|CS|TAMS 0x00000000ee400000| PB 0x00000000ee400000| Complete |  0
| 229|0x00000000ee500000, 0x00000000ee600000, 0x00000000ee600000|100%| E|CS|TAMS 0x00000000ee500000| PB 0x00000000ee500000| Complete |  0
| 230|0x00000000ee600000, 0x00000000ee700000, 0x00000000ee700000|100%| E|CS|TAMS 0x00000000ee600000| PB 0x00000000ee600000| Complete |  0
| 231|0x00000000ee700000, 0x00000000ee800000, 0x00000000ee800000|100%| E|CS|TAMS 0x00000000ee700000| PB 0x00000000ee700000| Complete |  0
| 232|0x00000000ee800000, 0x00000000ee900000, 0x00000000ee900000|100%| E|CS|TAMS 0x00000000ee800000| PB 0x00000000ee800000| Complete |  0
| 233|0x00000000ee900000, 0x00000000eea00000, 0x00000000eea00000|100%| E|CS|TAMS 0x00000000ee900000| PB 0x00000000ee900000| Complete |  0
| 234|0x00000000eea00000, 0x00000000eeb00000, 0x00000000eeb00000|100%| E|CS|TAMS 0x00000000eea00000| PB 0x00000000eea00000| Complete |  0
| 235|0x00000000eeb00000, 0x00000000eec00000, 0x00000000eec00000|100%| E|CS|TAMS 0x00000000eeb00000| PB 0x00000000eeb00000| Complete |  0
| 236|0x00000000eec00000, 0x00000000eed00000, 0x00000000eed00000|100%| E|CS|TAMS 0x00000000eec00000| PB 0x00000000eec00000| Complete |  0
| 237|0x00000000eed00000, 0x00000000eee00000, 0x00000000eee00000|100%| E|CS|TAMS 0x00000000eed00000| PB 0x00000000eed00000| Complete |  0
| 238|0x00000000eee00000, 0x00000000eef00000, 0x00000000eef00000|100%| E|CS|TAMS 0x00000000eee00000| PB 0x00000000eee00000| Complete |  0
| 239|0x00000000eef00000, 0x00000000ef000000, 0x00000000ef000000|100%| E|CS|TAMS 0x00000000eef00000| PB 0x00000000eef00000| Complete |  0
| 240|0x00000000ef000000, 0x00000000ef100000, 0x00000000ef100000|100%| E|CS|TAMS 0x00000000ef000000| PB 0x00000000ef000000| Complete |  0
| 241|0x00000000ef100000, 0x00000000ef200000, 0x00000000ef200000|100%| E|CS|TAMS 0x00000000ef100000| PB 0x00000000ef100000| Complete |  0
| 242|0x00000000ef200000, 0x00000000ef300000, 0x00000000ef300000|100%| E|CS|TAMS 0x00000000ef200000| PB 0x00000000ef200000| Complete |  0
| 243|0x00000000ef300000, 0x00000000ef400000, 0x00000000ef400000|100%| E|CS|TAMS 0x00000000ef300000| PB 0x00000000ef300000| Complete |  0
| 244|0x00000000ef400000, 0x00000000ef500000, 0x00000000ef500000|100%| E|CS|TAMS 0x00000000ef400000| PB 0x00000000ef400000| Complete |  0
| 245|0x00000000ef500000, 0x00000000ef600000, 0x00000000ef600000|100%| E|CS|TAMS 0x00000000ef500000| PB 0x00000000ef500000| Complete |  0
| 246|0x00000000ef600000, 0x00000000ef700000, 0x00000000ef700000|100%| E|CS|TAMS 0x00000000ef600000| PB 0x00000000ef600000| Complete |  0
| 247|0x00000000ef700000, 0x00000000ef800000, 0x00000000ef800000|100%| E|CS|TAMS 0x00000000ef700000| PB 0x00000000ef700000| Complete |  0
| 248|0x00000000ef800000, 0x00000000ef900000, 0x00000000ef900000|100%| E|CS|TAMS 0x00000000ef800000| PB 0x00000000ef800000| Complete |  0
| 249|0x00000000ef900000, 0x00000000efa00000, 0x00000000efa00000|100%| E|  |TAMS 0x00000000ef900000| PB 0x00000000ef900000| Complete |  0
| 250|0x00000000efa00000, 0x00000000efb00000, 0x00000000efb00000|100%| E|CS|TAMS 0x00000000efa00000| PB 0x00000000efa00000| Complete |  0
| 251|0x00000000efb00000, 0x00000000efc00000, 0x00000000efc00000|100%| E|CS|TAMS 0x00000000efb00000| PB 0x00000000efb00000| Complete |  0
| 252|0x00000000efc00000, 0x00000000efd00000, 0x00000000efd00000|100%| E|CS|TAMS 0x00000000efc00000| PB 0x00000000efc00000| Complete |  0
| 255|0x00000000eff00000, 0x00000000f0000000, 0x00000000f0000000|100%| E|CS|TAMS 0x00000000eff00000| PB 0x00000000eff00000| Complete |  0
| 510|0x00000000ffe00000, 0x00000000fff00000, 0x00000000fff00000|100%| O|  |TAMS 0x00000000ffe00000| PB 0x00000000ffe00000| Untracked |  0
| 511|0x00000000fff00000, 0x00000000fff1d248, 0x0000000100000000| 11%| O|Cm|TAMS 0x00000000fff00000| PB 0x00000000fff00000| Complete |  0

Card table byte_map: [0x000001d699600000,0x000001d699700000] _byte_map_base: 0x000001d698f00000

Marking Bits: (CMBitMap*) 0x000001d681d8d2f0
 Bits: [0x000001d699700000, 0x000001d699f00000)

Polling page: 0x000001d681530000

Metaspace:

Usage:
  Non-class:     21.34 MB used.
      Class:      2.32 MB used.
       Both:     23.66 MB used.

Virtual space:
  Non-class space:       64.00 MB reserved,      21.50 MB ( 34%) committed,  1 nodes.
      Class space:        1.00 GB reserved,       2.44 MB ( <1%) committed,  1 nodes.
             Both:        1.06 GB reserved,      23.94 MB (  2%) committed. 

Chunk freelists:
   Non-Class:  10.28 MB
       Class:  13.60 MB
        Both:  23.88 MB

MaxMetaspaceSize: unlimited
CompressedClassSpaceSize: 1.00 GB
Initial GC threshold: 21.00 MB
Current GC threshold: 35.31 MB
CDS: on
 - commit_granule_bytes: 65536.
 - commit_granule_words: 8192.
 - virtual_space_node_default_size: 8388608.
 - enlarge_chunks_in_place: 1.
UseCompressedClassPointers 1, UseCompactObjectHeaders 0
Narrow klass pointer bits 32, Max shift 3
Narrow klass base: 0x000001d69d000000, Narrow klass shift: 0
Encoding Range: [0x000001d69d000000 - 0x000001d79d000000), (4294967296 bytes)
Klass Range:    [0x000001d69d000000 - 0x000001d6de000000), (1090519040 bytes)
Klass ID Range:  [8 - 1090519033) (1090519025)


Internal statistics:

num_allocs_failed_limit: 3.
num_arena_births: 162.
num_arena_deaths: 0.
num_vsnodes_births: 2.
num_vsnodes_deaths: 0.
num_space_committed: 383.
num_space_uncommitted: 0.
num_chunks_returned_to_freelist: 3.
num_chunks_taken_from_freelist: 783.
num_chunk_merges: 0.
num_chunk_splits: 534.
num_chunks_enlarged: 440.
num_inconsistent_stats: 0.

CodeHeap 'non-profiled nmethods': size=120064Kb used=2164Kb max_used=2164Kb free=117899Kb
 bounds [0x000001d6920c0000, 0x000001d692330000, 0x000001d699600000]
CodeHeap 'profiled nmethods': size=120000Kb used=9702Kb max_used=9702Kb free=110297Kb
 bounds [0x000001d68a600000, 0x000001d68af80000, 0x000001d691b30000]
CodeHeap 'non-nmethods': size=5696Kb used=1413Kb max_used=1490Kb free=4282Kb
 bounds [0x000001d691b30000, 0x000001d691da0000, 0x000001d6920c0000]
CodeCache: size=245760Kb, used=13279Kb, max_used=13356Kb, free=232478Kb
 total_blobs=6118, nmethods=5544, adapters=478, full_count=0
Compilation: enabled, stopped_count=0, restarted_count=0

Compilation events (20 events):
Event: 20.198 Thread 0x000001d69c548070 nmethod 5536 0x000001d68af76888 code [0x000001d68af769c0, 0x000001d68af76ce0]
Event: 20.198 Thread 0x000001d69c548070 5537   !   3       java.security.MessageDigest$Delegate::of (84 bytes)
Event: 20.199 Thread 0x000001d69c548070 nmethod 5537 0x000001d68af76d08 code [0x000001d68af76f00, 0x000001d68af77fb0]
Event: 20.258 Thread 0x000001d69c548070 5538   !   3       java.util.concurrent.locks.AbstractQueuedSynchronizer$ConditionObject::await (180 bytes)
Event: 20.260 Thread 0x000001d69c548070 nmethod 5538 0x000001d68af78088 code [0x000001d68af78380, 0x000001d68af79aa0]
Event: 20.814 Thread 0x000001d69c51b460 5539       4       org.apache.http.util.CharArrayBuffer::charAt (7 bytes)
Event: 20.815 Thread 0x000001d69c51b460 nmethod 5539 0x000001d6922d7288 code [0x000001d6922d7380, 0x000001d6922d7438]
Event: 21.261 Thread 0x000001d69c51b460 5540       4       sun.util.locale.provider.CalendarDataUtility::findRegionOverride (108 bytes)
Event: 21.263 Thread 0x000001d69c51b460 nmethod 5540 0x000001d6922d7588 code [0x000001d6922d7680, 0x000001d6922d7720]
Event: 21.263 Thread 0x000001d69c51b460 5541       4       sun.util.locale.provider.LocaleProviderAdapter::getAdapter (177 bytes)
Event: 21.273 Thread 0x000001d69c51b460 nmethod 5541 0x000001d6922d7888 code [0x000001d6922d7a00, 0x000001d6922d8010]
Event: 21.384 Thread 0x000001d69c51b460 5542 %     4       java.io.FilterOutputStream::write @ 11 (34 bytes)
Event: 21.387 Thread 0x000001d69c51b460 nmethod 5542% 0x000001d6922d8108 code [0x000001d6922d8220, 0x000001d6922d8440]
Event: 21.399 Thread 0x000001d69c51b460 5543       4       java.text.DecimalFormatSymbols::initialize (330 bytes)
Event: 21.496 Thread 0x000001d69c51b460 nmethod 5543 0x000001d6922d8488 code [0x000001d6922d8900, 0x000001d6922db9f8]
Event: 21.497 Thread 0x000001d69c51b460 5544       4       sun.util.locale.provider.JRELocaleProviderAdapter::getLocaleResources (51 bytes)
Event: 21.504 Thread 0x000001d69c51b460 nmethod 5544 0x000001d6922dbc88 code [0x000001d6922dbde0, 0x000001d6922dc1b8]
Event: 21.827 Thread 0x000001d69c51b460 5545       4       java.text.DecimalFormat::<init> (146 bytes)
Event: 21.834 Thread 0x000001d69c51b460 nmethod 5545 0x000001d6922dc208 code [0x000001d6922dc360, 0x000001d6922dd118]
Event: 21.834 Thread 0x000001d69c51b460 5546       4       java.text.DecimalFormat::subformatNumber (1253 bytes)

GC Heap History (4 events):
Event: 1.869 GC heap before
{Heap before GC invocations=0 (full 0):
 garbage-first heap   total reserved 524288K, committed 264192K, used 29812K [0x00000000e0000000, 0x0000000100000000)
  region size 1024K, 28 young (28672K), 0 survivors (0K)
 Metaspace       used 6262K, committed 6400K, reserved 1114112K
  class space    used 551K, committed 576K, reserved 1048576K
}
Event: 1.880 GC heap after
{Heap after GC invocations=1 (full 0):
 garbage-first heap   total reserved 524288K, committed 264192K, used 4532K [0x00000000e0000000, 0x0000000100000000)
  region size 1024K, 4 young (4096K), 4 survivors (4096K)
 Metaspace       used 6262K, committed 6400K, reserved 1114112K
  class space    used 551K, committed 576K, reserved 1048576K
}
Event: 7.396 GC heap before
{Heap before GC invocations=1 (full 0):
 garbage-first heap   total reserved 524288K, committed 264192K, used 86452K [0x00000000e0000000, 0x0000000100000000)
  region size 1024K, 85 young (87040K), 4 survivors (4096K)
 Metaspace       used 21241K, committed 21504K, reserved 1114112K
  class space    used 2111K, committed 2240K, reserved 1048576K
}
Event: 7.421 GC heap after
{Heap after GC invocations=2 (full 0):
 garbage-first heap   total reserved 524288K, committed 264192K, used 14583K [0x00000000e0000000, 0x0000000100000000)
  region size 1024K, 14 young (14336K), 14 survivors (14336K)
 Metaspace       used 21241K, committed 21504K, reserved 1114112K
  class space    used 2111K, committed 2240K, reserved 1048576K
}

Dll operation events (10 events):
Event: 0.015 Loaded shared library C:\Program Files\Java\jdk-24\bin\java.dll
Event: 0.060 Loaded shared library C:\Program Files\Java\jdk-24\bin\jsvml.dll
Event: 0.087 Loaded shared library C:\Program Files\Java\jdk-24\bin\net.dll
Event: 0.096 Loaded shared library C:\Program Files\Java\jdk-24\bin\nio.dll
Event: 0.114 Loaded shared library C:\Program Files\Java\jdk-24\bin\zip.dll
Event: 0.585 Loaded shared library C:\Program Files\Java\jdk-24\bin\jimage.dll
Event: 0.596 Loaded shared library C:\Users\Mc-kevin\.m2\wrapper\dists\apache-maven-3.9.12\59fe215c0ad6947fea90184bf7add084544567b927287592651fda3782e0e798\lib\jansi-native\Windows\x86_64\jansi.dll
Event: 0.618 Loaded shared library C:\Program Files\Java\jdk-24\bin\verify.dll
Event: 6.875 Loaded shared library C:\Program Files\Java\jdk-24\bin\extnet.dll
Event: 7.173 Loaded shared library C:\Program Files\Java\jdk-24\bin\sunmscapi.dll

Deoptimization events (20 events):
Event: 11.544 Thread 0x000001d6e3011760 DEOPT PACKING pc=0x000001d6922b8528 sp=0x00000032ec1fe090
Event: 11.544 Thread 0x000001d6e3011760 DEOPT UNPACKING pc=0x000001d691c44c02 sp=0x00000032ec1fe038 mode 2
Event: 11.650 Thread 0x000001d69c5fd820 DEOPT PACKING pc=0x000001d68aea5eb6 sp=0x00000032ebefdbf0
Event: 11.650 Thread 0x000001d69c5fd820 DEOPT UNPACKING pc=0x000001d691b85722 sp=0x00000032ebefd0b0 mode 0
Event: 11.652 Thread 0x000001d69c5fd820 DEOPT PACKING pc=0x000001d68aea5eb6 sp=0x00000032ebefdd60
Event: 11.652 Thread 0x000001d69c5fd820 DEOPT UNPACKING pc=0x000001d691b85722 sp=0x00000032ebefd220 mode 0
Event: 11.653 Thread 0x000001d69c5fd820 DEOPT PACKING pc=0x000001d68aea5eb6 sp=0x00000032ebefdba0
Event: 11.653 Thread 0x000001d69c5fd820 DEOPT UNPACKING pc=0x000001d691b85722 sp=0x00000032ebefd060 mode 0
Event: 12.465 Thread 0x000001d6e3012600 DEOPT PACKING pc=0x000001d68ace47ee sp=0x00000032ec2fe190
Event: 12.465 Thread 0x000001d6e3012600 DEOPT UNPACKING pc=0x000001d691b85722 sp=0x00000032ec2fd628 mode 0
Event: 12.632 Thread 0x000001d6e2aed2b0 Uncommon trap: trap_request=0xffffff6e fr.pc=0x000001d6922cc8ac relative=0x0000000000000b6c
Event: 12.632 Thread 0x000001d6e2aed2b0 Uncommon trap: reason=loop_limit_check action=maybe_recompile pc=0x000001d6922cc8ac method=java.text.DigitList.roundUp(I)I @ 4 c2
Event: 12.632 Thread 0x000001d6e2aed2b0 DEOPT PACKING pc=0x000001d6922cc8ac sp=0x00000032ebcfe8b0
Event: 12.632 Thread 0x000001d6e2aed2b0 DEOPT UNPACKING pc=0x000001d691c44c02 sp=0x00000032ebcfe740 mode 2
Event: 13.727 Thread 0x000001d69c5fd820 DEOPT PACKING pc=0x000001d68ac50497 sp=0x00000032ebefe6f0
Event: 13.727 Thread 0x000001d69c5fd820 DEOPT UNPACKING pc=0x000001d691b85722 sp=0x00000032ebefdb10 mode 0
Event: 18.682 Thread 0x000001d6e2aed2b0 Uncommon trap: trap_request=0xffffff4d fr.pc=0x000001d6922d24a8 relative=0x0000000000000fc8
Event: 18.682 Thread 0x000001d6e2aed2b0 Uncommon trap: reason=unstable_if action=reinterpret pc=0x000001d6922d24a8 method=jdk.internal.math.FloatingDecimal$BinaryToASCIIBuffer.dtoa(IJIZ)V @ 859 c2
Event: 18.682 Thread 0x000001d6e2aed2b0 DEOPT PACKING pc=0x000001d6922d24a8 sp=0x00000032ebcfe7d0
Event: 18.682 Thread 0x000001d6e2aed2b0 DEOPT UNPACKING pc=0x000001d691c44c02 sp=0x00000032ebcfe6a8 mode 2

Classes loaded (20 events):
Event: 9.553 Loading class sun/util/resources/cldr/TimeZoneNames_en_US
Event: 9.553 Loading class sun/util/resources/cldr/TimeZoneNames_en_US done
Event: 10.575 Loading class sun/nio/cs/ISO_8859_1$Decoder
Event: 10.576 Loading class sun/nio/cs/ISO_8859_1$Decoder done
Event: 11.178 Loading class sun/security/ssl/PreSharedKeyExtension$PskIdentity
Event: 11.178 Loading class sun/security/ssl/PreSharedKeyExtension$PskIdentity done
Event: 11.179 Loading class sun/security/ssl/PreSharedKeyExtension$CHPreSharedKeySpec
Event: 11.180 Loading class sun/security/ssl/PreSharedKeyExtension$CHPreSharedKeySpec done
Event: 11.180 Loading class sun/security/ssl/PreSharedKeyExtension$PartialClientHelloMessage
Event: 11.180 Loading class sun/security/ssl/PreSharedKeyExtension$PartialClientHelloMessage done
Event: 11.180 Loading class sun/security/ssl/SSLEngineOutputRecord
Event: 11.181 Loading class sun/security/ssl/SSLEngineOutputRecord done
Event: 11.182 Loading class sun/security/ssl/SSLEngineOutputRecord$HandshakeFragment
Event: 11.183 Loading class sun/security/ssl/SSLEngineOutputRecord$HandshakeFragment done
Event: 11.183 Loading class sun/security/ssl/SSLEngineOutputRecord$HandshakeMemo
Event: 11.183 Loading class sun/security/ssl/SSLEngineOutputRecord$RecordMemo
Event: 11.183 Loading class sun/security/ssl/SSLEngineOutputRecord$RecordMemo done
Event: 11.183 Loading class sun/security/ssl/SSLEngineOutputRecord$HandshakeMemo done
Event: 11.593 Loading class sun/security/ssl/PreSharedKeyExtension$SHPreSharedKeySpec
Event: 11.593 Loading class sun/security/ssl/PreSharedKeyExtension$SHPreSharedKeySpec done

Classes unloaded (0 events):
No events

Classes redefined (0 events):
No events

Internal exceptions (20 events):
Event: 14.227 Thread 0x000001d69c5fd820 Exception <a 'sun/nio/fs/WindowsException'{0x00000000edeea388}> (0x00000000edeea388) 
thrown [s\open\src\hotspot\share\prims\jni.cpp, line 518]
Event: 14.248 Thread 0x000001d6e3011760 Exception <a 'sun/nio/fs/WindowsException'{0x00000000ed77f118}> (0x00000000ed77f118) 
thrown [s\open\src\hotspot\share\prims\jni.cpp, line 518]
Event: 16.084 Thread 0x000001d6e3011760 Exception <a 'sun/nio/fs/WindowsException'{0x00000000ed798c70}> (0x00000000ed798c70) 
thrown [s\open\src\hotspot\share\prims\jni.cpp, line 518]
Event: 16.092 Thread 0x000001d6e3011760 Exception <a 'sun/nio/fs/WindowsException'{0x00000000ed7aab40}> (0x00000000ed7aab40) 
thrown [s\open\src\hotspot\share\prims\jni.cpp, line 518]
Event: 16.095 Thread 0x000001d6e30134a0 Exception <a 'sun/nio/fs/WindowsException'{0x00000000eddda820}> (0x00000000eddda820) 
thrown [s\open\src\hotspot\share\prims\jni.cpp, line 518]
Event: 16.107 Thread 0x000001d6e30134a0 Exception <a 'sun/nio/fs/WindowsException'{0x00000000eddec608}> (0x00000000eddec608) 
thrown [s\open\src\hotspot\share\prims\jni.cpp, line 518]
Event: 16.420 Thread 0x000001d6e3011760 Exception <a 'sun/nio/fs/WindowsException'{0x00000000ed7b1580}> (0x00000000ed7b1580) 
thrown [s\open\src\hotspot\share\prims\jni.cpp, line 518]
Event: 16.477 Thread 0x000001d6e30134a0 Exception <a 'sun/nio/fs/WindowsException'{0x00000000eddf3058}> (0x00000000eddf3058) 
thrown [s\open\src\hotspot\share\prims\jni.cpp, line 518]
Event: 16.577 Thread 0x000001d6e30134a0 Exception <a 'sun/nio/fs/WindowsException'{0x00000000ed54a6f0}> (0x00000000ed54a6f0) 
thrown [s\open\src\hotspot\share\prims\jni.cpp, line 518]
Event: 16.583 Thread 0x000001d6e30134a0 Exception <a 'sun/nio/fs/WindowsException'{0x00000000ed55c688}> (0x00000000ed55c688) 
thrown [s\open\src\hotspot\share\prims\jni.cpp, line 518]
Event: 16.933 Thread 0x000001d6e30134a0 Exception <a 'sun/nio/fs/WindowsException'{0x00000000ed562f90}> (0x00000000ed562f90) 
thrown [s\open\src\hotspot\share\prims\jni.cpp, line 518]
Event: 17.590 Thread 0x000001d69c5fd820 Exception <a 'sun/nio/fs/WindowsException'{0x00000000ed442dd8}> (0x00000000ed442dd8) 
thrown [s\open\src\hotspot\share\prims\jni.cpp, line 518]
Event: 17.603 Thread 0x000001d69c5fd820 Exception <a 'sun/nio/fs/WindowsException'{0x00000000ed454ca0}> (0x00000000ed454ca0) 
thrown [s\open\src\hotspot\share\prims\jni.cpp, line 518]
Event: 18.682 Thread 0x000001d69c5fd820 Exception <a 'sun/nio/fs/WindowsException'{0x00000000ed45b130}> (0x00000000ed45b130) 
thrown [s\open\src\hotspot\share\prims\jni.cpp, line 518]
Event: 19.759 Thread 0x000001d69c5fd820 Exception <a 'sun/nio/fs/WindowsException'{0x00000000ed471068}> (0x00000000ed471068) 
thrown [s\open\src\hotspot\share\prims\jni.cpp, line 518]
Event: 19.765 Thread 0x000001d69c5fd820 Exception <a 'sun/nio/fs/WindowsException'{0x00000000ed482f30}> (0x00000000ed482f30) 
thrown [s\open\src\hotspot\share\prims\jni.cpp, line 518]
Event: 19.833 Thread 0x000001d6e30134a0 Exception <a 'sun/nio/fs/WindowsException'{0x00000000ed57f040}> (0x00000000ed57f040) 
thrown [s\open\src\hotspot\share\prims\jni.cpp, line 518]
Event: 19.846 Thread 0x000001d6e30134a0 Exception <a 'sun/nio/fs/WindowsException'{0x00000000ed590f70}> (0x00000000ed590f70) 
thrown [s\open\src\hotspot\share\prims\jni.cpp, line 518]
Event: 20.197 Thread 0x000001d6e30134a0 Exception <a 'sun/nio/fs/WindowsException'{0x00000000ed597988}> (0x00000000ed597988) 
thrown [s\open\src\hotspot\share\prims\jni.cpp, line 518]
Event: 20.815 Thread 0x000001d69c5fd820 Exception <a 'sun/nio/fs/WindowsException'{0x00000000ed489f40}> (0x00000000ed489f40) 
thrown [s\open\src\hotspot\share\prims\jni.cpp, line 518]

VM Operations (20 events):
Event: 5.631 Executing VM operation: HandshakeAllThreads (Deoptimize)
Event: 5.631 Executing VM operation: HandshakeAllThreads (Deoptimize) done
Event: 5.791 Executing VM operation: HandshakeAllThreads (Deoptimize)
Event: 5.791 Executing VM operation: HandshakeAllThreads (Deoptimize) done
Event: 5.845 Executing VM operation: HandshakeAllThreads (Deoptimize)
Event: 5.845 Executing VM operation: HandshakeAllThreads (Deoptimize) done
Event: 5.984 Executing VM operation: HandshakeAllThreads (Deoptimize)
Event: 5.984 Executing VM operation: HandshakeAllThreads (Deoptimize) done
Event: 6.439 Executing VM operation: HandshakeAllThreads (Deoptimize)
Event: 6.439 Executing VM operation: HandshakeAllThreads (Deoptimize) done
Event: 6.440 Executing VM operation: HandshakeAllThreads (Deoptimize)
Event: 6.440 Executing VM operation: HandshakeAllThreads (Deoptimize) done
Event: 7.301 Executing VM operation: HandshakeAllThreads (Deoptimize)
Event: 7.301 Executing VM operation: HandshakeAllThreads (Deoptimize) done
Event: 7.396 Executing VM operation: CollectForMetadataAllocation (Metadata GC Threshold)
Event: 7.421 Executing VM operation: CollectForMetadataAllocation (Metadata GC Threshold) done
Event: 7.438 Executing VM operation: G1PauseRemark
Event: 7.448 Executing VM operation: G1PauseRemark done
Event: 7.449 Executing VM operation: G1PauseCleanup
Event: 7.449 Executing VM operation: G1PauseCleanup done

Memory protections (0 events):
No events

Nmethod flushes (0 events):
No events

Events (20 events):
Event: 3.881 Thread 0x000001d69c548070 Thread added: 0x000001d6e2aed2b0
Event: 4.157 Thread 0x000001d6e2aed2b0 Thread exited: 0x000001d6e2aed2b0
Event: 4.206 Thread 0x000001d6ffb02190 Thread added: 0x000001d6e2aed2b0
Event: 4.352 Thread 0x000001d69c548070 Thread added: 0x000001d6e2b72070
Event: 5.471 Thread 0x000001d6ffb02190 Thread added: 0x000001d6e2b38d40
Event: 5.471 Thread 0x000001d6ffb02190 Thread added: 0x000001d6e3261010
Event: 5.472 Thread 0x000001d6ffb02190 Thread added: 0x000001d6e2e374c0
Event: 5.472 Thread 0x000001d6ffb02190 Thread added: 0x000001d6e2e37c00
Event: 6.851 Thread 0x000001d6e2b72070 Thread exited: 0x000001d6e2b72070
Event: 9.604 Thread 0x000001d6e2e37c00 Thread exited: 0x000001d6e2e37c00
Event: 9.605 Thread 0x000001d6e3261010 Thread exited: 0x000001d6e3261010
Event: 9.605 Thread 0x000001d6e2e374c0 Thread exited: 0x000001d6e2e374c0
Event: 9.606 Thread 0x000001d6e2b38d40 Thread exited: 0x000001d6e2b38d40
Event: 10.956 Thread 0x000001d6ffb02190 Thread added: 0x000001d69c5fd820
Event: 10.956 Thread 0x000001d6ffb02190 Thread added: 0x000001d69c5fd0d0
Event: 10.957 Thread 0x000001d6ffb02190 Thread added: 0x000001d6e30134a0
Event: 10.957 Thread 0x000001d6ffb02190 Thread added: 0x000001d6e3011760
Event: 10.957 Thread 0x000001d6ffb02190 Thread added: 0x000001d6e3012600
Event: 11.954 Thread 0x000001d69c548070 Thread added: 0x000001d69c7c6e00
Event: 12.452 Thread 0x000001d69c7c6e00 Thread exited: 0x000001d69c7c6e00


Dynamic libraries:
0x00007ff657020000 - 0x00007ff657030000 	C:\Program Files\Java\jdk-24\bin\java.exe
0x00007ff96a6f0000 - 0x00007ff96a907000 	C:\Windows\SYSTEM32\ntdll.dll
0x00007ff969310000 - 0x00007ff9693d4000 	C:\Windows\System32\KERNEL32.DLL
0x00007ff967a70000 - 0x00007ff967e27000 	C:\Windows\System32\KERNELBASE.dll
0x00007ff967e30000 - 0x00007ff967f41000 	C:\Windows\System32\ucrtbase.dll
0x00007ff954690000 - 0x00007ff9546ab000 	C:\Program Files\Java\jdk-24\bin\VCRUNTIME140.dll
0x00007ff954670000 - 0x00007ff954686000 	C:\Program Files\Java\jdk-24\bin\jli.dll
0x00007ff96a4a0000 - 0x00007ff96a64f000 	C:\Windows\System32\USER32.dll
0x00007ff968250000 - 0x00007ff968276000 	C:\Windows\System32\win32u.dll
0x00007ff9696c0000 - 0x00007ff9696e9000 	C:\Windows\System32\GDI32.dll
0x00007ff967f50000 - 0x00007ff968068000 	C:\Windows\System32\gdi32full.dll
0x00007ff955bf0000 - 0x00007ff955e83000 	C:\Windows\WinSxS\amd64_microsoft.windows.common-controls_6595b64144ccf1df_6.0.22621.3672_none_2713b9d173822955\COMCTL32.dll
0x00007ff9681b0000 - 0x00007ff96824a000 	C:\Windows\System32\msvcp_win.dll
0x00007ff969ec0000 - 0x00007ff969f67000 	C:\Windows\System32\msvcrt.dll
0x00007ff96a2c0000 - 0x00007ff96a2f1000 	C:\Windows\System32\IMM32.DLL
0x00007ff963000000 - 0x00007ff96300c000 	C:\Program Files\Java\jdk-24\bin\vcruntime140_1.dll
0x00007ff937920000 - 0x00007ff9379ae000 	C:\Program Files\Java\jdk-24\bin\msvcp140.dll
0x00007ff876e80000 - 0x00007ff877c21000 	C:\Program Files\Java\jdk-24\bin\server\jvm.dll
0x00007ff9697d0000 - 0x00007ff969882000 	C:\Windows\System32\ADVAPI32.dll
0x00007ff969260000 - 0x00007ff969308000 	C:\Windows\System32\sechost.dll
0x00007ff968280000 - 0x00007ff9682a8000 	C:\Windows\System32\bcrypt.dll
0x00007ff969430000 - 0x00007ff969544000 	C:\Windows\System32\RPCRT4.dll
0x00007ff96a300000 - 0x00007ff96a371000 	C:\Windows\System32\WS2_32.dll
0x00007ff9678d0000 - 0x00007ff96791d000 	C:\Windows\SYSTEM32\POWRPROF.dll
0x00007ff960d80000 - 0x00007ff960db4000 	C:\Windows\SYSTEM32\WINMM.dll
0x00007ff95dd20000 - 0x00007ff95dd2a000 	C:\Windows\SYSTEM32\VERSION.dll
0x00007ff9678b0000 - 0x00007ff9678c3000 	C:\Windows\SYSTEM32\UMPDC.dll
0x00007ff966a10000 - 0x00007ff966a28000 	C:\Windows\SYSTEM32\kernel.appcore.dll
0x00007ff9539a0000 - 0x00007ff9539aa000 	C:\Program Files\Java\jdk-24\bin\jimage.dll
0x00007ff95f520000 - 0x00007ff95f752000 	C:\Windows\SYSTEM32\DBGHELP.DLL
0x00007ff968ed0000 - 0x00007ff96925e000 	C:\Windows\System32\combase.dll
0x00007ff9696f0000 - 0x00007ff9697c7000 	C:\Windows\System32\OLEAUT32.dll
0x00007ff949310000 - 0x00007ff949342000 	C:\Windows\SYSTEM32\dbgcore.DLL
0x00007ff968070000 - 0x00007ff9680eb000 	C:\Windows\System32\bcryptPrimitives.dll
0x00007ff951280000 - 0x00007ff95129e000 	C:\Program Files\Java\jdk-24\bin\java.dll
0x00007ff969890000 - 0x00007ff969a35000 	C:\Windows\System32\ole32.dll
0x00007ff968420000 - 0x00007ff968c89000 	C:\Windows\System32\SHELL32.dll
0x00007ff965920000 - 0x00007ff96621f000 	C:\Windows\SYSTEM32\windows.storage.dll
0x00007ff9657e0000 - 0x00007ff96591f000 	C:\Windows\SYSTEM32\wintypes.dll
0x00007ff96a100000 - 0x00007ff96a1f9000 	C:\Windows\System32\SHCORE.dll
0x00007ff96a380000 - 0x00007ff96a3de000 	C:\Windows\System32\shlwapi.dll
0x00007ff967930000 - 0x00007ff967957000 	C:\Windows\SYSTEM32\profapi.dll
0x00007ff8ac740000 - 0x00007ff8ac817000 	C:\Program Files\Java\jdk-24\bin\jsvml.dll
0x00007ff9407b0000 - 0x00007ff9407c0000 	C:\Program Files\Java\jdk-24\bin\net.dll
0x00007ff966e70000 - 0x00007ff966ed9000 	C:\Windows\system32\mswsock.dll
0x00007ff940790000 - 0x00007ff9407a6000 	C:\Program Files\Java\jdk-24\bin\nio.dll
0x00007ff940410000 - 0x00007ff940427000 	C:\Program Files\Java\jdk-24\bin\zip.dll
0x00007ff937e10000 - 0x00007ff937e34000 	C:\Users\Mc-kevin\.m2\wrapper\dists\apache-maven-3.9.12\59fe215c0ad6947fea90184bf7add084544567b927287592651fda3782e0e798\lib\jansi-native\Windows\x86_64\jansi.dll
0x00007ff940400000 - 0x00007ff940410000 	C:\Program Files\Java\jdk-24\bin\verify.dll
0x00007ff9671c0000 - 0x00007ff9671db000 	C:\Windows\SYSTEM32\CRYPTSP.dll
0x00007ff966970000 - 0x00007ff9669a5000 	C:\Windows\system32\rsaenh.dll
0x00007ff966f10000 - 0x00007ff966f38000 	C:\Windows\SYSTEM32\USERENV.dll
0x00007ff9671a0000 - 0x00007ff9671ac000 	C:\Windows\SYSTEM32\CRYPTBASE.dll
0x00007ff966480000 - 0x00007ff9664ad000 	C:\Windows\SYSTEM32\IPHLPAPI.DLL
0x00007ff96a280000 - 0x00007ff96a289000 	C:\Windows\System32\NSI.dll
0x00007ff9664f0000 - 0x00007ff9665f2000 	C:\Windows\SYSTEM32\DNSAPI.dll
0x0000000072e90000 - 0x0000000072eb6000 	C:\Program Files\Bonjour\mdnsNSP.dll
0x00007ff960ca0000 - 0x00007ff960caa000 	C:\Windows\System32\rasadhlp.dll
0x00007ff95eea0000 - 0x00007ff95ef23000 	C:\Windows\System32\fwpuclnt.dll
0x00007ff93ff50000 - 0x00007ff93ff59000 	C:\Program Files\Java\jdk-24\bin\extnet.dll
0x00007ff93ff40000 - 0x00007ff93ff4e000 	C:\Program Files\Java\jdk-24\bin\sunmscapi.dll
0x00007ff9682b0000 - 0x00007ff968416000 	C:\Windows\System32\CRYPT32.dll
0x00007ff9672d0000 - 0x00007ff9672fd000 	C:\Windows\SYSTEM32\ncrypt.dll
0x00007ff967290000 - 0x00007ff9672c7000 	C:\Windows\SYSTEM32\NTASN1.dll

JVMTI agents: none

dbghelp: loaded successfully - version: 4.0.5 - missing functions: none
symbol engine: initialized successfully - sym options: 0x614 - pdb path: .;C:\Program Files\Java\jdk-24\bin;C:\Windows\SYSTEM32;C:\Windows\WinSxS\amd64_microsoft.windows.common-controls_6595b64144ccf1df_6.0.22621.3672_none_2713b9d173822955;C:\Program Files\Java\jdk-24\bin\server;C:\Users\Mc-kevin\.m2\wrapper\dists\apache-maven-3.9.12\59fe215c0ad6947fea90184bf7add084544567b927287592651fda3782e0e798\lib\jansi-native\Windows\x86_64;C:\Program Files\Bonjour

VM Arguments:
jvm_args: --enable-native-access=ALL-UNNAMED -Xmx512m -Xms256m -Dclassworlds.conf=C:\Users\Mc-kevin\.m2\wrapper\dists\apache-maven-3.9.12\59fe215c0ad6947fea90184bf7add084544567b927287592651fda3782e0e798\bin\m2.conf -Dmaven.home=C:\Users\Mc-kevin\.m2\wrapper\dists\apache-maven-3.9.12\59fe215c0ad6947fea90184bf7add084544567b927287592651fda3782e0e798 -Dlibrary.jansi.path=C:\Users\Mc-kevin\.m2\wrapper\dists\apache-maven-3.9.12\59fe215c0ad6947fea90184bf7add084544567b927287592651fda3782e0e798\lib\jansi-native -Dmaven.multiModuleProjectDirectory=C:\Users\Mc-kevin\Desktop\BC03_EC01\TaskManager 
java_command: org.codehaus.plexus.classworlds.launcher.Launcher spotless:apply
java_class_path (initial): C:\Users\Mc-kevin\.m2\wrapper\dists\apache-maven-3.9.12\59fe215c0ad6947fea90184bf7add084544567b927287592651fda3782e0e798\boot\plexus-classworlds-2.9.0.jar
Launcher Type: SUN_STANDARD

[Global flags]
     intx CICompilerCount                          = 3                                         {product} {ergonomic}
     uint ConcGCThreads                            = 1                                         {product} {ergonomic}
     uint G1ConcRefinementThreads                  = 4                                         {product} {ergonomic}
   size_t G1HeapRegionSize                         = 1048576                                   {product} {ergonomic}
   size_t InitialHeapSize                          = 268435456                                 {product} {command line}
   size_t MarkStackSize                            = 4194304                                   {product} {ergonomic}
   size_t MarkStackSizeMax                         = 536870912                                 {product} {ergonomic}
   size_t MaxHeapSize                              = 536870912                                 {product} {command line}
   size_t MaxNewSize                               = 321912832                                 {product} {ergonomic}
   size_t MinHeapDeltaBytes                        = 1048576                                   {product} {ergonomic}
   size_t MinHeapSize                              = 268435456                                 {product} {command line}
    uintx NonNMethodCodeHeapSize                   = 5832704                                {pd product} {ergonomic}
    uintx NonProfiledCodeHeapSize                  = 122945536                              {pd product} {ergonomic}
    uintx ProfiledCodeHeapSize                     = 122880000                              {pd product} {ergonomic}
    uintx ReservedCodeCacheSize                    = 251658240                              {pd product} {ergonomic}
     bool SegmentedCodeCache                       = true                                      {product} {ergonomic}
   size_t SoftMaxHeapSize                          = 536870912                              {manageable} {ergonomic}
     bool UseCompressedOops                        = true                           {product lp64_product} {ergonomic}
     bool UseG1GC                                  = true                                      {product} {ergonomic}
     bool UseLargePagesIndividualAllocation        = false                                  {pd product} {ergonomic}

Logging:
Log output configuration:
 #0: stdout all=warning uptime,level,tags foldmultilines=false
 #1: stderr all=off uptime,level,tags foldmultilines=false

Environment Variables:
PATH=C:\Program Files\Common Files\Oracle\Java\javapath;C:\Windows\system32;C:\Windows;C:\Windows\System32\Wbem;C:\Windows\System32\WindowsPowerShell\v1.0\;C:\Windows\System32\OpenSSH\;C:\Program Files\Docker\Docker\resources\bin;C:\Program Files\nodejs\;C:\Program Files\Git\cmd;C:\wamp64\bin\php\php8.4.15;C:\ProgramData\ComposerSetup\bin;c:\program files (x86)\realpopup\sdk\;C:\Users\Mc-kevin\AppData\Local\Programs\Python\Launcher\;C:\Users\Mc-kevin\AppData\Local\Microsoft\WindowsApps;C:\Users\Mc-kevin\AppData\Local\Programs\Microsoft VS Code\bin;C:\Program Files\JetBrains\IntelliJ IDEA 2024.3\bin;;C:\Users\Mc-kevin\AppData\Roaming\npm;C:\Users\Mc-kevin\AppData\Roaming\Composer\vendor\bin;C:\Users\Mc-kevin\AppData\Local\Programs\Antigravity\bin
USERNAME=Mc-kevin
OS=Windows_NT
PROCESSOR_IDENTIFIER=AMD64 Family 23 Model 24 Stepping 1, AuthenticAMD
TMP=C:\Users\Mc-kevin\AppData\Local\Temp
TEMP=C:\Users\Mc-kevin\AppData\Local\Temp




Periodic native trim disabled

---------------  S Y S T E M  ---------------

OS:
 Windows 11 , 64 bit Build 22621 (10.0.22621.3958)
OS uptime: 0 days 4:01 hours
Hyper-V role detected

CPU: total 4 (initial active 4) (4 cores per cpu, 2 threads per core) family 23 model 24 stepping 1 microcode 0x0, cx8, cmov, fxsr, ht, mmx, 3dnowpref, sse, sse2, sse3, ssse3, sse4a, sse4.1, sse4.2, popcnt, lzcnt, tsc, tscinvbit, avx, avx2, aes, clmul, bmi1, bmi2, adx, sha, fma, vzeroupper, clflush, clflushopt, hv, rdtscp, f16c
Processor Information for the first 4 processors :
  Max Mhz: 2600, Current Mhz: 2600, Mhz Limit: 2600

Memory: 4k page, system-wide physical 6023M (384M free)
TotalPageFile size 24455M (AvailPageFile size 10M)
current process WorkingSet (physical memory assigned to process): 194M, peak: 202M
current process commit charge ("private bytes"): 384M, peak: 398M

vm_info: Java HotSpot(TM) 64-Bit Server VM (24.0.2+12-54) for windows-amd64 JRE (24.0.2+12-54), built on 2025-07-08T12:10:27Z with MS VC++ 17.6 (VS2022)

END.
